#
# There is insufficient memory for the Java Runtime Environment to continue.
# Native memory allocation (malloc) failed to allocate 1310256 bytes. Error detail: Chunk::new
# Possible reasons:
#   The system is out of physical RAM or swap space
#   This process is running with CompressedOops enabled, and the Java Heap may be blocking the growth of the native heap
# Possible solutions:
#   Reduce memory load on the system
#   Increase physical memory or swap space
#   Check if swap backing store is full
#   Decrease Java heap size (-Xmx/-Xms)
#   Decrease number of Java threads
#   Decrease Java thread stack sizes (-Xss)
#   Set larger code cache with -XX:ReservedCodeCacheSize=
#   JVM is running with Zero Based Compressed Oops mode in which the Java heap is
#     placed in the first 32GB address space. The Java Heap base address is the
#     maximum limit for the native heap growth. Please use -XX:HeapBaseMinAddress
#     to set the Java Heap base and to place the Java Heap above 32GB virtual address.
# This output file may be truncated or incomplete.
#
#  Out of Memory Error (arena.cpp:149), pid=63296, tid=65076
#
# JRE version: Java(TM) SE Runtime Environment (23.0.2+7) (build 23.0.2+7-58)
# Java VM: Java HotSpot(TM) 64-Bit Server VM (23.0.2+7-58, mixed mode, sharing, tiered, compressed oops, compressed class ptrs, g1 gc, windows-amd64)
# No core dump will be written. Minidumps are not enabled by default on client versions of Windows
#

---------------  S U M M A R Y ------------

Command Line: --add-opens=java.base/java.lang=ALL-UNNAMED --add-opens=java.base/java.lang.invoke=ALL-UNNAMED --add-opens=java.base/java.util=ALL-UNNAMED --add-opens=java.prefs/java.util.prefs=ALL-UNNAMED --add-exports=jdk.compiler/com.sun.tools.javac.api=ALL-UNNAMED --add-exports=jdk.compiler/com.sun.tools.javac.util=ALL-UNNAMED --add-opens=java.base/java.util=ALL-UNNAMED --add-opens=java.prefs/java.util.prefs=ALL-UNNAMED --add-opens=java.base/java.nio.charset=ALL-UNNAMED --add-opens=java.base/java.net=ALL-UNNAMED --add-opens=java.base/java.util.concurrent.atomic=ALL-UNNAMED --add-opens=java.xml/javax.xml.namespace=ALL-UNNAMED -Xmx3072M -Dfile.encoding=UTF-8 -Duser.country=US -Duser.language=en -Duser.variant -javaagent:C:\Users\Tristus1er\.gradle\wrapper\dists\gradle-8.14.3-bin\cv11ve7ro1n3o1j4so8xd9n66\gradle-8.14.3\lib\agents\gradle-instrumentation-agent-8.14.3.jar org.gradle.launcher.daemon.bootstrap.GradleDaemon 8.14.3

Host: Intel(R) Core(TM) i7-8750H CPU @ 2.20GHz, 12 cores, 15G,  Windows 11 , 64 bit Build 26100 (10.0.26100.8246)
Time: Wed Apr 22 10:21:59 2026 Romance Daylight Time elapsed time: 37.163843 seconds (0d 0h 0m 37s)

---------------  T H R E A D  ---------------

Current thread (0x000001aebe33b0a0):  JavaThread "C2 CompilerThread0" daemon [_thread_in_native, id=65076, stack(0x0000009f38a00000,0x0000009f38b00000) (1024K)]


Current CompileTask:
C2:37163 14602       4       org.jetbrains.org.objectweb.asm.ClassReader::readMethod (1061 bytes)

Stack: [0x0000009f38a00000,0x0000009f38b00000]
Native frames: (J=compiled Java code, j=interpreted, Vv=VM code, C=native code)
V  [jvm.dll+0x6e0b99]  (no source info available)
V  [jvm.dll+0x87e2b3]  (no source info available)
V  [jvm.dll+0x88073e]  (no source info available)
V  [jvm.dll+0x880e13]  (no source info available)
V  [jvm.dll+0x27b006]  (no source info available)
V  [jvm.dll+0xbc06f]  (no source info available)
V  [jvm.dll+0xbc2cb]  (no source info available)
V  [jvm.dll+0x3b3c22]  (no source info available)
V  [jvm.dll+0x38a55b]  (no source info available)
V  [jvm.dll+0x3899ca]  (no source info available)
V  [jvm.dll+0x244ba1]  (no source info available)
V  [jvm.dll+0x243eff]  (no source info available)
V  [jvm.dll+0x1c34b0]  (no source info available)
V  [jvm.dll+0x253df1]  (no source info available)
V  [jvm.dll+0x2520aa]  (no source info available)
V  [jvm.dll+0x3ee226]  (no source info available)
V  [jvm.dll+0x8254cb]  (no source info available)
V  [jvm.dll+0x6df345]  (no source info available)
C  [ucrtbase.dll+0x37b0]  (no source info available)
C  [KERNEL32.DLL+0x2e8d7]  (no source info available)
C  [ntdll.dll+0x8c3fc]  (no source info available)

Lock stack of current Java thread (top to bottom):


---------------  P R O C E S S  ---------------

Threads class SMR info:
_java_thread_list=0x000001af1865a650, length=86, elements={
0x000001ae9d9186a0, 0x000001aebe328700, 0x000001aebe32b170, 0x000001aebe32dd10,
0x000001aebe32e9d0, 0x000001aebe32fc50, 0x000001aebe330a60, 0x000001aebe33b0a0,
0x000001aebe33db60, 0x000001aebe476dd0, 0x000001aebe476740, 0x000001aebe475a20,
0x000001aebe475390, 0x000001aebe477460, 0x000001aebe477af0, 0x000001aebe478180,
0x000001af059aad90, 0x000001af059abab0, 0x000001af059ac140, 0x000001af059aa700,
0x000001af059ac7d0, 0x000001af059adb80, 0x000001af059ad4f0, 0x000001af059ae210,
0x000001af059ab420, 0x000001af059b1690, 0x000001af059af5c0, 0x000001af059b1d20,
0x000001af059afc50, 0x000001af059b02e0, 0x000001af059b0970, 0x000001af059b1000,
0x000001af09a1adc0, 0x000001af09a1a0a0, 0x000001af09a18cf0, 0x000001af09a1b450,
0x000001af09a19a10, 0x000001af09a18660, 0x000001af09a1a730, 0x000001af09a17fd0,
0x000001af09a19380, 0x000001af09a1ef60, 0x000001af09a1e8d0, 0x000001af09a1ce90,
0x000001af09a1e240, 0x000001af059aef30, 0x000001aebe478810, 0x000001af079ecb70,
0x000001af079eaaa0, 0x000001af079ebe50, 0x000001af079eb130, 0x000001af079ec4e0,
0x000001af079eb7c0, 0x000001af079ed200, 0x000001af079e9d80, 0x000001af079ea410,
0x000001af079ef2d0, 0x000001af079ee5b0, 0x000001af079efff0, 0x000001af079f0d10,
0x000001af079eec40, 0x000001af079edf20, 0x000001af079f0680, 0x000001af079ed890,
0x000001af079ef960, 0x000001af079f13a0, 0x000001af071af0f0, 0x000001af071afe10,
0x000001af071ae3d0, 0x000001af071b04a0, 0x000001af071aea60, 0x000001af071b3290,
0x000001af071b3920, 0x000001af071b4640, 0x000001af071b3fb0, 0x000001af071b5360,
0x000001af071b4cd0, 0x000001af071b2570, 0x000001af071b2c00, 0x000001af0a4bfed0,
0x000001af0a4c2cc0, 0x000001af0b1a71b0, 0x000001af0b1a7840, 0x000001af0b1a7ed0,
0x000001af19c6d2f0, 0x000001af19c6b0e0
}

Java Threads: ( => current thread )
  0x000001ae9d9186a0 JavaThread "main"                              [_thread_blocked, id=27368, stack(0x0000009f37c00000,0x0000009f37d00000) (1024K)]
  0x000001aebe328700 JavaThread "Reference Handler"          daemon [_thread_blocked, id=18712, stack(0x0000009f38400000,0x0000009f38500000) (1024K)]
  0x000001aebe32b170 JavaThread "Finalizer"                  daemon [_thread_blocked, id=34988, stack(0x0000009f38500000,0x0000009f38600000) (1024K)]
  0x000001aebe32dd10 JavaThread "Signal Dispatcher"          daemon [_thread_blocked, id=66504, stack(0x0000009f38600000,0x0000009f38700000) (1024K)]
  0x000001aebe32e9d0 JavaThread "Attach Listener"            daemon [_thread_blocked, id=3508, stack(0x0000009f38700000,0x0000009f38800000) (1024K)]
  0x000001aebe32fc50 JavaThread "Service Thread"             daemon [_thread_blocked, id=28272, stack(0x0000009f38800000,0x0000009f38900000) (1024K)]
  0x000001aebe330a60 JavaThread "Monitor Deflation Thread"   daemon [_thread_blocked, id=18600, stack(0x0000009f38900000,0x0000009f38a00000) (1024K)]
=>0x000001aebe33b0a0 JavaThread "C2 CompilerThread0"         daemon [_thread_in_native, id=65076, stack(0x0000009f38a00000,0x0000009f38b00000) (1024K)]
  0x000001aebe33db60 JavaThread "C1 CompilerThread0"         daemon [_thread_blocked, id=13408, stack(0x0000009f38b00000,0x0000009f38c00000) (1024K)]
  0x000001aebe476dd0 JavaThread "Common-Cleaner"             daemon [_thread_blocked, id=42828, stack(0x0000009f38c00000,0x0000009f38d00000) (1024K)]
  0x000001aebe476740 JavaThread "Notification Thread"        daemon [_thread_blocked, id=61888, stack(0x0000009f38e00000,0x0000009f38f00000) (1024K)]
  0x000001aebe475a20 JavaThread "Daemon health stats"               [_thread_blocked, id=41628, stack(0x0000009f39500000,0x0000009f39600000) (1024K)]
  0x000001aebe475390 JavaThread "Incoming local TCP Connector on port 63284"        [_thread_in_native, id=34948, stack(0x0000009f39600000,0x0000009f39700000) (1024K)]
  0x000001aebe477460 JavaThread "Daemon periodic checks"            [_thread_blocked, id=31768, stack(0x0000009f39700000,0x0000009f39800000) (1024K)]
  0x000001aebe477af0 JavaThread "Daemon"                            [_thread_blocked, id=23216, stack(0x0000009f39800000,0x0000009f39900000) (1024K)]
  0x000001aebe478180 JavaThread "Handler for socket connection from /127.0.0.1:63284 to /127.0.0.1:63285"        [_thread_in_native, id=21892, stack(0x0000009f39900000,0x0000009f39a00000) (1024K)]
  0x000001af059aad90 JavaThread "Cancel handler"                    [_thread_blocked, id=33960, stack(0x0000009f39a00000,0x0000009f39b00000) (1024K)]
  0x000001af059abab0 JavaThread "Daemon worker"                     [_thread_in_Java, id=41060, stack(0x0000009f39b00000,0x0000009f39c00000) (1024K)]
  0x000001af059ac140 JavaThread "Asynchronous log dispatcher for DefaultDaemonConnection: socket connection from /127.0.0.1:63284 to /127.0.0.1:63285"        [_thread_blocked, id=62836, stack(0x0000009f39c00000,0x0000009f39d00000) (1024K)]
  0x000001af059aa700 JavaThread "Stdin handler"                     [_thread_blocked, id=27016, stack(0x0000009f39d00000,0x0000009f39e00000) (1024K)]
  0x000001af059ac7d0 JavaThread "Daemon client event forwarder"        [_thread_blocked, id=43640, stack(0x0000009f39e00000,0x0000009f39f00000) (1024K)]
  0x000001af059adb80 JavaThread "Cache worker for journal cache (C:\Users\Tristus1er\.gradle\caches\journal-1)"        [_thread_blocked, id=63824, stack(0x0000009f39f00000,0x0000009f3a000000) (1024K)]
  0x000001af059ad4f0 JavaThread "File lock request listener"        [_thread_in_native, id=54600, stack(0x0000009f3a000000,0x0000009f3a100000) (1024K)]
  0x000001af059ae210 JavaThread "Cache worker for file hash cache (C:\Users\Tristus1er\.gradle\caches\8.14.3\fileHashes)"        [_thread_blocked, id=63204, stack(0x0000009f3a100000,0x0000009f3a200000) (1024K)]
  0x000001af059ab420 JavaThread "Cache worker for file hash cache (D:\projets\kotlin\UIAutomator\.gradle\8.14.3\fileHashes)"        [_thread_blocked, id=67412, stack(0x0000009f3a800000,0x0000009f3a900000) (1024K)]
  0x000001af059b1690 JavaThread "Cache worker for Build Output Cleanup Cache (D:\projets\kotlin\UIAutomator\.gradle\buildOutputCleanup)"        [_thread_blocked, id=68072, stack(0x0000009f3a900000,0x0000009f3aa00000) (1024K)]
  0x000001af059af5c0 JavaThread "File watcher server"        daemon [_thread_in_native, id=24796, stack(0x0000009f3aa00000,0x0000009f3ab00000) (1024K)]
  0x000001af059b1d20 JavaThread "File watcher consumer"      daemon [_thread_blocked, id=46364, stack(0x0000009f3ab00000,0x0000009f3ac00000) (1024K)]
  0x000001af059afc50 JavaThread "jar transforms"                    [_thread_blocked, id=65648, stack(0x0000009f38d00000,0x0000009f38e00000) (1024K)]
  0x000001af059b02e0 JavaThread "jar transforms Thread 2"           [_thread_blocked, id=20164, stack(0x0000009f38f00000,0x0000009f39000000) (1024K)]
  0x000001af059b0970 JavaThread "jar transforms Thread 3"           [_thread_blocked, id=23280, stack(0x0000009f3ac00000,0x0000009f3ad00000) (1024K)]
  0x000001af059b1000 JavaThread "jar transforms Thread 4"           [_thread_blocked, id=63696, stack(0x0000009f3ad00000,0x0000009f3ae00000) (1024K)]
  0x000001af09a1adc0 JavaThread "jar transforms Thread 5"           [_thread_blocked, id=16024, stack(0x0000009f3ae00000,0x0000009f3af00000) (1024K)]
  0x000001af09a1a0a0 JavaThread "jar transforms Thread 6"           [_thread_blocked, id=65916, stack(0x0000009f3af00000,0x0000009f3b000000) (1024K)]
  0x000001af09a18cf0 JavaThread "jar transforms Thread 7"           [_thread_blocked, id=53664, stack(0x0000009f3b000000,0x0000009f3b100000) (1024K)]
  0x000001af09a1b450 JavaThread "jar transforms Thread 8"           [_thread_blocked, id=55088, stack(0x0000009f3b100000,0x0000009f3b200000) (1024K)]
  0x000001af09a19a10 JavaThread "jar transforms Thread 9"           [_thread_blocked, id=56944, stack(0x0000009f3b200000,0x0000009f3b300000) (1024K)]
  0x000001af09a18660 JavaThread "jar transforms Thread 10"          [_thread_blocked, id=23752, stack(0x0000009f3b300000,0x0000009f3b400000) (1024K)]
  0x000001af09a1a730 JavaThread "jar transforms Thread 11"          [_thread_blocked, id=5672, stack(0x0000009f3b400000,0x0000009f3b500000) (1024K)]
  0x000001af09a17fd0 JavaThread "jar transforms Thread 12"          [_thread_blocked, id=66984, stack(0x0000009f3b500000,0x0000009f3b600000) (1024K)]
  0x000001af09a19380 JavaThread "Cache worker for checksums cache (D:\projets\kotlin\UIAutomator\.gradle\8.14.3\checksums)"        [_thread_blocked, id=2172, stack(0x0000009f3b800000,0x0000009f3b900000) (1024K)]
  0x000001af09a1ef60 JavaThread "Cache worker for file content cache (C:\Users\Tristus1er\.gradle\caches\8.14.3\fileContent)"        [_thread_blocked, id=4028, stack(0x0000009f3b900000,0x0000009f3ba00000) (1024K)]
  0x000001af09a1e8d0 JavaThread "Cache worker for cache directory md-supplier (C:\Users\Tristus1er\.gradle\caches\8.14.3\md-supplier)"        [_thread_blocked, id=29200, stack(0x0000009f3ba00000,0x0000009f3bb00000) (1024K)]
  0x000001af09a1ce90 JavaThread "Cache worker for cache directory md-rule (C:\Users\Tristus1er\.gradle\caches\8.14.3\md-rule)"        [_thread_blocked, id=60984, stack(0x0000009f3bb00000,0x0000009f3bc00000) (1024K)]
  0x000001af09a1e240 JavaThread "Unconstrained build operations"        [_thread_blocked, id=38808, stack(0x0000009f3bc00000,0x0000009f3bd00000) (1024K)]
  0x000001af059aef30 JavaThread "Unconstrained build operations Thread 2"        [_thread_blocked, id=47472, stack(0x0000009f3bd00000,0x0000009f3be00000) (1024K)]
  0x000001aebe478810 JavaThread "Unconstrained build operations Thread 3"        [_thread_blocked, id=42868, stack(0x0000009f3be00000,0x0000009f3bf00000) (1024K)]
  0x000001af079ecb70 JavaThread "Unconstrained build operations Thread 4"        [_thread_blocked, id=67448, stack(0x0000009f3bf00000,0x0000009f3c000000) (1024K)]
  0x000001af079eaaa0 JavaThread "Unconstrained build operations Thread 5"        [_thread_blocked, id=25776, stack(0x0000009f3c000000,0x0000009f3c100000) (1024K)]
  0x000001af079ebe50 JavaThread "Unconstrained build operations Thread 6"        [_thread_blocked, id=6416, stack(0x0000009f3c100000,0x0000009f3c200000) (1024K)]
  0x000001af079eb130 JavaThread "Unconstrained build operations Thread 7"        [_thread_blocked, id=20584, stack(0x0000009f3c200000,0x0000009f3c300000) (1024K)]
  0x000001af079ec4e0 JavaThread "Unconstrained build operations Thread 8"        [_thread_blocked, id=32532, stack(0x0000009f3c300000,0x0000009f3c400000) (1024K)]
  0x000001af079eb7c0 JavaThread "Unconstrained build operations Thread 9"        [_thread_blocked, id=67136, stack(0x0000009f3c400000,0x0000009f3c500000) (1024K)]
  0x000001af079ed200 JavaThread "Unconstrained build operations Thread 10"        [_thread_blocked, id=39084, stack(0x0000009f3c500000,0x0000009f3c600000) (1024K)]
  0x000001af079e9d80 JavaThread "Unconstrained build operations Thread 11"        [_thread_blocked, id=63344, stack(0x0000009f3c600000,0x0000009f3c700000) (1024K)]
  0x000001af079ea410 JavaThread "Unconstrained build operations Thread 12"        [_thread_blocked, id=33044, stack(0x0000009f3c700000,0x0000009f3c800000) (1024K)]
  0x000001af079ef2d0 JavaThread "Unconstrained build operations Thread 13"        [_thread_blocked, id=48048, stack(0x0000009f3c800000,0x0000009f3c900000) (1024K)]
  0x000001af079ee5b0 JavaThread "Unconstrained build operations Thread 14"        [_thread_blocked, id=9636, stack(0x0000009f3c900000,0x0000009f3ca00000) (1024K)]
  0x000001af079efff0 JavaThread "Unconstrained build operations Thread 15"        [_thread_blocked, id=19356, stack(0x0000009f3ca00000,0x0000009f3cb00000) (1024K)]
  0x000001af079f0d10 JavaThread "Unconstrained build operations Thread 16"        [_thread_blocked, id=9548, stack(0x0000009f3cb00000,0x0000009f3cc00000) (1024K)]
  0x000001af079eec40 JavaThread "Unconstrained build operations Thread 17"        [_thread_blocked, id=24148, stack(0x0000009f3cc00000,0x0000009f3cd00000) (1024K)]
  0x000001af079edf20 JavaThread "Unconstrained build operations Thread 18"        [_thread_blocked, id=40536, stack(0x0000009f3cd00000,0x0000009f3ce00000) (1024K)]
  0x000001af079f0680 JavaThread "Unconstrained build operations Thread 19"        [_thread_blocked, id=63064, stack(0x0000009f3ce00000,0x0000009f3cf00000) (1024K)]
  0x000001af079ed890 JavaThread "Unconstrained build operations Thread 20"        [_thread_blocked, id=57640, stack(0x0000009f3cf00000,0x0000009f3d000000) (1024K)]
  0x000001af079ef960 JavaThread "Unconstrained build operations Thread 21"        [_thread_blocked, id=64596, stack(0x0000009f3d000000,0x0000009f3d100000) (1024K)]
  0x000001af079f13a0 JavaThread "Unconstrained build operations Thread 22"        [_thread_blocked, id=12028, stack(0x0000009f3d100000,0x0000009f3d200000) (1024K)]
  0x000001af071af0f0 JavaThread "Unconstrained build operations Thread 23"        [_thread_blocked, id=23028, stack(0x0000009f3d200000,0x0000009f3d300000) (1024K)]
  0x000001af071afe10 JavaThread "Unconstrained build operations Thread 24"        [_thread_blocked, id=39560, stack(0x0000009f3d300000,0x0000009f3d400000) (1024K)]
  0x000001af071ae3d0 JavaThread "Unconstrained build operations Thread 25"        [_thread_blocked, id=32336, stack(0x0000009f3d400000,0x0000009f3d500000) (1024K)]
  0x000001af071b04a0 JavaThread "Unconstrained build operations Thread 26"        [_thread_blocked, id=54416, stack(0x0000009f3d500000,0x0000009f3d600000) (1024K)]
  0x000001af071aea60 JavaThread "Unconstrained build operations Thread 27"        [_thread_blocked, id=57196, stack(0x0000009f3d600000,0x0000009f3d700000) (1024K)]
  0x000001af071b3290 JavaThread "Unconstrained build operations Thread 28"        [_thread_blocked, id=38904, stack(0x0000009f3d700000,0x0000009f3d800000) (1024K)]
  0x000001af071b3920 JavaThread "Unconstrained build operations Thread 29"        [_thread_blocked, id=55024, stack(0x0000009f3d800000,0x0000009f3d900000) (1024K)]
  0x000001af071b4640 JavaThread "Unconstrained build operations Thread 30"        [_thread_blocked, id=8336, stack(0x0000009f3d900000,0x0000009f3da00000) (1024K)]
  0x000001af071b3fb0 JavaThread "Unconstrained build operations Thread 31"        [_thread_blocked, id=13176, stack(0x0000009f3da00000,0x0000009f3db00000) (1024K)]
  0x000001af071b5360 JavaThread "Unconstrained build operations Thread 32"        [_thread_blocked, id=61868, stack(0x0000009f3db00000,0x0000009f3dc00000) (1024K)]
  0x000001af071b4cd0 JavaThread "Unconstrained build operations Thread 33"        [_thread_blocked, id=58796, stack(0x0000009f3dc00000,0x0000009f3dd00000) (1024K)]
  0x000001af071b2570 JavaThread "Unconstrained build operations Thread 34"        [_thread_blocked, id=68308, stack(0x0000009f3dd00000,0x0000009f3de00000) (1024K)]
  0x000001af071b2c00 JavaThread "Unconstrained build operations Thread 35"        [_thread_blocked, id=25996, stack(0x0000009f3de00000,0x0000009f3df00000) (1024K)]
  0x000001af0a4bfed0 JavaThread "Unconstrained build operations Thread 36"        [_thread_blocked, id=28436, stack(0x0000009f3df00000,0x0000009f3e000000) (1024K)]
  0x000001af0a4c2cc0 JavaThread "Unconstrained build operations Thread 37"        [_thread_blocked, id=22280, stack(0x0000009f3e000000,0x0000009f3e100000) (1024K)]
  0x000001af0b1a71b0 JavaThread "Unconstrained build operations Thread 38"        [_thread_blocked, id=23636, stack(0x0000009f3e100000,0x0000009f3e200000) (1024K)]
  0x000001af0b1a7840 JavaThread "Unconstrained build operations Thread 39"        [_thread_blocked, id=44016, stack(0x0000009f3e200000,0x0000009f3e300000) (1024K)]
  0x000001af0b1a7ed0 JavaThread "Unconstrained build operations Thread 40"        [_thread_blocked, id=67276, stack(0x0000009f3e300000,0x0000009f3e400000) (1024K)]
  0x000001af19c6d2f0 JavaThread "C2 CompilerThread1"         daemon [_thread_in_native, id=25704, stack(0x0000009f3b700000,0x0000009f3b800000) (1024K)]
  0x000001af19c6b0e0 JavaThread "C2 CompilerThread2"         daemon [_thread_in_native, id=59092, stack(0x0000009f3e400000,0x0000009f3e500000) (1024K)]
Total: 86

Other Threads:
  0x000001aebe309ed0 VMThread "VM Thread"                           [id=64256, stack(0x0000009f38300000,0x0000009f38400000) (1024K)]
  0x000001aebe2f8f50 WatcherThread "VM Periodic Task Thread"        [id=4004, stack(0x0000009f38200000,0x0000009f38300000) (1024K)]
  0x000001ae9fd79970 WorkerThread "GC Thread#0"                     [id=56748, stack(0x0000009f37d00000,0x0000009f37e00000) (1024K)]
  0x000001aebe309770 WorkerThread "GC Thread#1"                     [id=14116, stack(0x0000009f39000000,0x0000009f39100000) (1024K)]
  0x000001aebe309b20 WorkerThread "GC Thread#2"                     [id=61960, stack(0x0000009f39100000,0x0000009f39200000) (1024K)]
  0x000001aebeaa1880 WorkerThread "GC Thread#3"                     [id=62304, stack(0x0000009f39200000,0x0000009f39300000) (1024K)]
  0x000001aebeaa3600 WorkerThread "GC Thread#4"                     [id=66684, stack(0x0000009f39300000,0x0000009f39400000) (1024K)]
  0x000001aebeaa2740 WorkerThread "GC Thread#5"                     [id=61544, stack(0x0000009f39400000,0x0000009f39500000) (1024K)]
  0x000001aebeaa09c0 WorkerThread "GC Thread#6"                     [id=65892, stack(0x0000009f3a200000,0x0000009f3a300000) (1024K)]
  0x000001aebeaa1120 WorkerThread "GC Thread#7"                     [id=26488, stack(0x0000009f3a300000,0x0000009f3a400000) (1024K)]
  0x000001aebeaa1c30 WorkerThread "GC Thread#8"                     [id=952, stack(0x0000009f3a400000,0x0000009f3a500000) (1024K)]
  0x000001aebeaa14d0 WorkerThread "GC Thread#9"                     [id=66848, stack(0x0000009f3a500000,0x0000009f3a600000) (1024K)]
  0x000001ae9fd8a0e0 ConcurrentGCThread "G1 Main Marker"            [id=26924, stack(0x0000009f37e00000,0x0000009f37f00000) (1024K)]
  0x000001ae9fd8d9a0 WorkerThread "G1 Conc#0"                       [id=46540, stack(0x0000009f37f00000,0x0000009f38000000) (1024K)]
  0x000001af05c9ba80 WorkerThread "G1 Conc#1"                       [id=66768, stack(0x0000009f3a600000,0x0000009f3a700000) (1024K)]
  0x000001af05c9b320 WorkerThread "G1 Conc#2"                       [id=22516, stack(0x0000009f3a700000,0x0000009f3a800000) (1024K)]
  0x000001aebe1ce1c0 ConcurrentGCThread "G1 Refine#0"               [id=58972, stack(0x0000009f38000000,0x0000009f38100000) (1024K)]
  0x000001aebe1cfa00 ConcurrentGCThread "G1 Service"                [id=63776, stack(0x0000009f38100000,0x0000009f38200000) (1024K)]
Total: 18

Threads with active compile tasks:
C2 CompilerThread0  39226 14602       4       org.jetbrains.org.objectweb.asm.ClassReader::readMethod (1061 bytes)
C2 CompilerThread1  39226 14601       4       org.jetbrains.org.objectweb.asm.ClassReader::accept (1380 bytes)
C2 CompilerThread2  39226 14611       4       org.jetbrains.kotlin.protobuf.GeneratedMessageLite$ExtendableMessage::newExtensionWriter (11 bytes)
Total: 3

VM state: not at safepoint (normal execution)

VM Mutex/Monitor currently owned by a thread: None

Heap address: 0x0000000740000000, size: 3072 MB, Compressed Oops mode: Zero based, Oop shift amount: 3

CDS archive(s) mapped at: [0x000001aebf000000-0x000001aebfd70000-0x000001aebfd70000), size 14090240, SharedBaseAddress: 0x000001aebf000000, ArchiveRelocationMode: 1.
Compressed class space mapped at: 0x000001aec0000000-0x000001af00000000, reserved size: 1073741824
Narrow klass base: 0x000001aebf000000, Narrow klass shift: 0, Narrow klass range: 0x41000000

GC Precious Log:
 CardTable entry size: 512
 Card Set container configuration: InlinePtr #cards 4 size 8 Array Of Cards #cards 16 size 48 Howl #buckets 8 coarsen threshold 3686 Howl Bitmap #cards 512 size 80 coarsen threshold 460 Card regions per heap region 1 cards per card region 4096
 CPUs: 12 total, 12 available
 Memory: 16230M
 Large Page Support: Disabled
 NUMA Support: Disabled
 Compressed Oops: Enabled (Zero based)
 Heap Region Size: 2M
 Heap Min Capacity: 8M
 Heap Initial Capacity: 254M
 Heap Max Capacity: 3G
 Pre-touch: Disabled
 Parallel Workers: 10
 Concurrent Workers: 3
 Concurrent Refinement Workers: 10
 Periodic GC: Disabled

Heap:
 garbage-first heap   total reserved 3145728K, committed 266240K, used 162380K [0x0000000740000000, 0x0000000800000000)
  region size 2048K, 11 young (22528K), 7 survivors (14336K)
 Metaspace       used 126203K, committed 128640K, reserved 1179648K
  class space    used 16823K, committed 17984K, reserved 1048576K

Heap Regions: E=young(eden), S=young(survivor), O=old, HS=humongous(starts), HC=humongous(continues), CS=collection set, F=free, TAMS=top-at-mark-start, PB=parsable bottom
|   0|0x0000000740000000, 0x0000000740200000, 0x0000000740200000|100%|HS|  |TAMS 0x0000000740000000| PB 0x0000000740000000| Complete |  0
|   1|0x0000000740200000, 0x0000000740400000, 0x0000000740400000|100%|HC|  |TAMS 0x0000000740200000| PB 0x0000000740200000| Complete |  0
|   2|0x0000000740400000, 0x0000000740600000, 0x0000000740600000|100%| O|  |TAMS 0x0000000740400000| PB 0x0000000740400000| Untracked |  0
|   3|0x0000000740600000, 0x0000000740800000, 0x0000000740800000|100%| O|  |TAMS 0x0000000740600000| PB 0x0000000740600000| Untracked |  0
|   4|0x0000000740800000, 0x0000000740a00000, 0x0000000740a00000|100%| O|  |TAMS 0x0000000740800000| PB 0x0000000740800000| Untracked |  0
|   5|0x0000000740a00000, 0x0000000740c00000, 0x0000000740c00000|100%| O|  |TAMS 0x0000000740a00000| PB 0x0000000740a00000| Untracked |  0
|   6|0x0000000740c00000, 0x0000000740e00000, 0x0000000740e00000|100%| O|  |TAMS 0x0000000740c00000| PB 0x0000000740c00000| Untracked |  0
|   7|0x0000000740e00000, 0x0000000741000000, 0x0000000741000000|100%| O|  |TAMS 0x0000000740e00000| PB 0x0000000740e00000| Untracked |  0
|   8|0x0000000741000000, 0x0000000741200000, 0x0000000741200000|100%| O|  |TAMS 0x0000000741000000| PB 0x0000000741000000| Untracked |  0
|   9|0x0000000741200000, 0x0000000741400000, 0x0000000741400000|100%| O|  |TAMS 0x0000000741200000| PB 0x0000000741200000| Untracked |  0
|  10|0x0000000741400000, 0x0000000741600000, 0x0000000741600000|100%| O|  |TAMS 0x0000000741400000| PB 0x0000000741400000| Untracked |  0
|  11|0x0000000741600000, 0x0000000741800000, 0x0000000741800000|100%|HS|  |TAMS 0x0000000741600000| PB 0x0000000741600000| Complete |  0
|  12|0x0000000741800000, 0x0000000741a00000, 0x0000000741a00000|100%|HC|  |TAMS 0x0000000741800000| PB 0x0000000741800000| Complete |  0
|  13|0x0000000741a00000, 0x0000000741c00000, 0x0000000741c00000|100%|HC|  |TAMS 0x0000000741a00000| PB 0x0000000741a00000| Complete |  0
|  14|0x0000000741c00000, 0x0000000741e00000, 0x0000000741e00000|100%|HS|  |TAMS 0x0000000741c00000| PB 0x0000000741c00000| Complete |  0
|  15|0x0000000741e00000, 0x0000000742000000, 0x0000000742000000|100%|HS|  |TAMS 0x0000000741e00000| PB 0x0000000741e00000| Complete |  0
|  16|0x0000000742000000, 0x0000000742200000, 0x0000000742200000|100%|HC|  |TAMS 0x0000000742000000| PB 0x0000000742000000| Complete |  0
|  17|0x0000000742200000, 0x0000000742400000, 0x0000000742400000|100%|HC|  |TAMS 0x0000000742200000| PB 0x0000000742200000| Complete |  0
|  18|0x0000000742400000, 0x0000000742600000, 0x0000000742600000|100%|HS|  |TAMS 0x0000000742400000| PB 0x0000000742400000| Complete |  0
|  19|0x0000000742600000, 0x0000000742800000, 0x0000000742800000|100%|HC|  |TAMS 0x0000000742600000| PB 0x0000000742600000| Complete |  0
|  20|0x0000000742800000, 0x0000000742a00000, 0x0000000742a00000|100%|HC|  |TAMS 0x0000000742800000| PB 0x0000000742800000| Complete |  0
|  21|0x0000000742a00000, 0x0000000742c00000, 0x0000000742c00000|100%|HS|  |TAMS 0x0000000742a00000| PB 0x0000000742a00000| Complete |  0
|  22|0x0000000742c00000, 0x0000000742e00000, 0x0000000742e00000|100%| O|  |TAMS 0x0000000742c00000| PB 0x0000000742c00000| Untracked |  0
|  23|0x0000000742e00000, 0x0000000743000000, 0x0000000743000000|100%| O|  |TAMS 0x0000000742e00000| PB 0x0000000742e00000| Untracked |  0
|  24|0x0000000743000000, 0x0000000743200000, 0x0000000743200000|100%| O|  |TAMS 0x0000000743000000| PB 0x0000000743000000| Untracked |  0
|  25|0x0000000743200000, 0x0000000743400000, 0x0000000743400000|100%| O|  |TAMS 0x0000000743200000| PB 0x0000000743200000| Untracked |  0
|  26|0x0000000743400000, 0x0000000743600000, 0x0000000743600000|100%| O|  |TAMS 0x0000000743400000| PB 0x0000000743400000| Untracked |  0
|  27|0x0000000743600000, 0x0000000743800000, 0x0000000743800000|100%|HS|  |TAMS 0x0000000743600000| PB 0x0000000743600000| Complete |  0
|  28|0x0000000743800000, 0x0000000743a00000, 0x0000000743a00000|100%|HC|  |TAMS 0x0000000743800000| PB 0x0000000743800000| Complete |  0
|  29|0x0000000743a00000, 0x0000000743c00000, 0x0000000743c00000|100%|HC|  |TAMS 0x0000000743a00000| PB 0x0000000743a00000| Complete |  0
|  30|0x0000000743c00000, 0x0000000743e00000, 0x0000000743e00000|100%| O|  |TAMS 0x0000000743c00000| PB 0x0000000743c00000| Untracked |  0
|  31|0x0000000743e00000, 0x0000000744000000, 0x0000000744000000|100%| O|  |TAMS 0x0000000743e00000| PB 0x0000000743e00000| Untracked |  0
|  32|0x0000000744000000, 0x0000000744200000, 0x0000000744200000|100%| O|  |TAMS 0x0000000744000000| PB 0x0000000744000000| Untracked |  0
|  33|0x0000000744200000, 0x0000000744400000, 0x0000000744400000|100%| O|  |TAMS 0x0000000744200000| PB 0x0000000744200000| Untracked |  0
|  34|0x0000000744400000, 0x0000000744600000, 0x0000000744600000|100%| O|  |TAMS 0x0000000744400000| PB 0x0000000744400000| Untracked |  0
|  35|0x0000000744600000, 0x0000000744800000, 0x0000000744800000|100%| O|  |TAMS 0x0000000744600000| PB 0x0000000744600000| Untracked |  0
|  36|0x0000000744800000, 0x0000000744a00000, 0x0000000744a00000|100%|HS|  |TAMS 0x0000000744800000| PB 0x0000000744800000| Complete |  0
|  37|0x0000000744a00000, 0x0000000744c00000, 0x0000000744c00000|100%| O|  |TAMS 0x0000000744a00000| PB 0x0000000744a00000| Untracked |  0
|  38|0x0000000744c00000, 0x0000000744e00000, 0x0000000744e00000|100%| O|  |TAMS 0x0000000744c00000| PB 0x0000000744c00000| Untracked |  0
|  39|0x0000000744e00000, 0x0000000745000000, 0x0000000745000000|100%| O|  |TAMS 0x0000000744e00000| PB 0x0000000744e00000| Untracked |  0
|  40|0x0000000745000000, 0x0000000745200000, 0x0000000745200000|100%| O|  |TAMS 0x0000000745000000| PB 0x0000000745000000| Untracked |  0
|  41|0x0000000745200000, 0x0000000745400000, 0x0000000745400000|100%| O|  |TAMS 0x0000000745200000| PB 0x0000000745200000| Untracked |  0
|  42|0x0000000745400000, 0x0000000745600000, 0x0000000745600000|100%| O|  |TAMS 0x0000000745400000| PB 0x0000000745400000| Untracked |  0
|  43|0x0000000745600000, 0x0000000745800000, 0x0000000745800000|100%| O|  |TAMS 0x0000000745600000| PB 0x0000000745600000| Untracked |  0
|  44|0x0000000745800000, 0x0000000745a00000, 0x0000000745a00000|100%| O|  |TAMS 0x0000000745800000| PB 0x0000000745800000| Untracked |  0
|  45|0x0000000745a00000, 0x0000000745c00000, 0x0000000745c00000|100%| O|  |TAMS 0x0000000745a00000| PB 0x0000000745a00000| Untracked |  0
|  46|0x0000000745c00000, 0x0000000745e00000, 0x0000000745e00000|100%| O|  |TAMS 0x0000000745c00000| PB 0x0000000745c00000| Untracked |  0
|  47|0x0000000745e00000, 0x0000000746000000, 0x0000000746000000|100%| O|  |TAMS 0x0000000745e00000| PB 0x0000000745e00000| Untracked |  0
|  48|0x0000000746000000, 0x0000000746200000, 0x0000000746200000|100%| O|  |TAMS 0x0000000746000000| PB 0x0000000746000000| Untracked |  0
|  49|0x0000000746200000, 0x0000000746400000, 0x0000000746400000|100%| O|  |TAMS 0x0000000746200000| PB 0x0000000746200000| Untracked |  0
|  50|0x0000000746400000, 0x0000000746600000, 0x0000000746600000|100%| O|  |TAMS 0x0000000746400000| PB 0x0000000746400000| Untracked |  0
|  51|0x0000000746600000, 0x0000000746800000, 0x0000000746800000|100%| O|  |TAMS 0x0000000746600000| PB 0x0000000746600000| Untracked |  0
|  52|0x0000000746800000, 0x0000000746a00000, 0x0000000746a00000|100%|HS|  |TAMS 0x0000000746800000| PB 0x0000000746800000| Complete |  0
|  53|0x0000000746a00000, 0x0000000746c00000, 0x0000000746c00000|100%|HC|  |TAMS 0x0000000746a00000| PB 0x0000000746a00000| Complete |  0
|  54|0x0000000746c00000, 0x0000000746e00000, 0x0000000746e00000|100%|HC|  |TAMS 0x0000000746c00000| PB 0x0000000746c00000| Complete |  0
|  55|0x0000000746e00000, 0x0000000747000000, 0x0000000747000000|100%| O|  |TAMS 0x0000000746e00000| PB 0x0000000746e00000| Untracked |  0
|  56|0x0000000747000000, 0x0000000747200000, 0x0000000747200000|100%| O|  |TAMS 0x0000000747000000| PB 0x0000000747000000| Untracked |  0
|  57|0x0000000747200000, 0x0000000747400000, 0x0000000747400000|100%| O|  |TAMS 0x0000000747200000| PB 0x0000000747200000| Untracked |  0
|  58|0x0000000747400000, 0x0000000747600000, 0x0000000747600000|100%| O|  |TAMS 0x0000000747400000| PB 0x0000000747400000| Untracked |  0
|  59|0x0000000747600000, 0x0000000747600000, 0x0000000747800000|  0%| F|  |TAMS 0x0000000747600000| PB 0x0000000747600000| Untracked |  0
|  60|0x0000000747800000, 0x0000000747a00000, 0x0000000747a00000|100%| O|  |TAMS 0x0000000747800000| PB 0x0000000747800000| Untracked |  0
|  61|0x0000000747a00000, 0x0000000747c00000, 0x0000000747c00000|100%| O|  |TAMS 0x0000000747a00000| PB 0x0000000747a00000| Untracked |  0
|  62|0x0000000747c00000, 0x0000000747e00000, 0x0000000747e00000|100%| O|  |TAMS 0x0000000747c00000| PB 0x0000000747c00000| Untracked |  0
|  63|0x0000000747e00000, 0x0000000748000000, 0x0000000748000000|100%| O|  |TAMS 0x0000000747e00000| PB 0x0000000747e00000| Untracked |  0
|  64|0x0000000748000000, 0x0000000748200000, 0x0000000748200000|100%| O|  |TAMS 0x0000000748000000| PB 0x0000000748000000| Untracked |  0
|  65|0x0000000748200000, 0x0000000748400000, 0x0000000748400000|100%| O|  |TAMS 0x0000000748200000| PB 0x0000000748200000| Untracked |  0
|  66|0x0000000748400000, 0x0000000748493210, 0x0000000748600000| 28%| O|  |TAMS 0x0000000748400000| PB 0x0000000748400000| Untracked |  0
|  67|0x0000000748600000, 0x0000000748600000, 0x0000000748800000|  0%| F|  |TAMS 0x0000000748600000| PB 0x0000000748600000| Untracked |  0
|  68|0x0000000748800000, 0x0000000748a00000, 0x0000000748a00000|100%| S|CS|TAMS 0x0000000748800000| PB 0x0000000748800000| Complete |  0
|  69|0x0000000748a00000, 0x0000000748c00000, 0x0000000748c00000|100%| S|CS|TAMS 0x0000000748a00000| PB 0x0000000748a00000| Complete |  0
|  70|0x0000000748c00000, 0x0000000748e00000, 0x0000000748e00000|100%| S|CS|TAMS 0x0000000748c00000| PB 0x0000000748c00000| Complete |  0
|  71|0x0000000748e00000, 0x0000000748e00000, 0x0000000749000000|  0%| F|  |TAMS 0x0000000748e00000| PB 0x0000000748e00000| Untracked |  0
|  72|0x0000000749000000, 0x0000000749000000, 0x0000000749200000|  0%| F|  |TAMS 0x0000000749000000| PB 0x0000000749000000| Untracked |  0
|  73|0x0000000749200000, 0x0000000749200000, 0x0000000749400000|  0%| F|  |TAMS 0x0000000749200000| PB 0x0000000749200000| Untracked |  0
|  74|0x0000000749400000, 0x0000000749400000, 0x0000000749600000|  0%| F|  |TAMS 0x0000000749400000| PB 0x0000000749400000| Untracked |  0
|  75|0x0000000749600000, 0x0000000749800000, 0x0000000749800000|100%| S|CS|TAMS 0x0000000749600000| PB 0x0000000749600000| Complete |  0
|  76|0x0000000749800000, 0x0000000749a00000, 0x0000000749a00000|100%| S|CS|TAMS 0x0000000749800000| PB 0x0000000749800000| Complete |  0
|  77|0x0000000749a00000, 0x0000000749c00000, 0x0000000749c00000|100%| S|CS|TAMS 0x0000000749a00000| PB 0x0000000749a00000| Complete |  0
|  78|0x0000000749c00000, 0x0000000749e00000, 0x0000000749e00000|100%| S|CS|TAMS 0x0000000749c00000| PB 0x0000000749c00000| Complete |  0
|  79|0x0000000749e00000, 0x0000000749e00000, 0x000000074a000000|  0%| F|  |TAMS 0x0000000749e00000| PB 0x0000000749e00000| Untracked |  0
|  80|0x000000074a000000, 0x000000074a000000, 0x000000074a200000|  0%| F|  |TAMS 0x000000074a000000| PB 0x000000074a000000| Untracked |  0
|  81|0x000000074a200000, 0x000000074a200000, 0x000000074a400000|  0%| F|  |TAMS 0x000000074a200000| PB 0x000000074a200000| Untracked |  0
|  82|0x000000074a400000, 0x000000074a400000, 0x000000074a600000|  0%| F|  |TAMS 0x000000074a400000| PB 0x000000074a400000| Untracked |  0
|  83|0x000000074a600000, 0x000000074a600000, 0x000000074a800000|  0%| F|  |TAMS 0x000000074a600000| PB 0x000000074a600000| Untracked |  0
|  84|0x000000074a800000, 0x000000074a800000, 0x000000074aa00000|  0%| F|  |TAMS 0x000000074a800000| PB 0x000000074a800000| Untracked |  0
|  85|0x000000074aa00000, 0x000000074aa00000, 0x000000074ac00000|  0%| F|  |TAMS 0x000000074aa00000| PB 0x000000074aa00000| Untracked |  0
|  86|0x000000074ac00000, 0x000000074ac00000, 0x000000074ae00000|  0%| F|  |TAMS 0x000000074ac00000| PB 0x000000074ac00000| Untracked |  0
|  87|0x000000074ae00000, 0x000000074ae00000, 0x000000074b000000|  0%| F|  |TAMS 0x000000074ae00000| PB 0x000000074ae00000| Untracked |  0
|  88|0x000000074b000000, 0x000000074b000000, 0x000000074b200000|  0%| F|  |TAMS 0x000000074b000000| PB 0x000000074b000000| Untracked |  0
|  89|0x000000074b200000, 0x000000074b200000, 0x000000074b400000|  0%| F|  |TAMS 0x000000074b200000| PB 0x000000074b200000| Untracked |  0
|  90|0x000000074b400000, 0x000000074b400000, 0x000000074b600000|  0%| F|  |TAMS 0x000000074b400000| PB 0x000000074b400000| Untracked |  0
|  91|0x000000074b600000, 0x000000074b600000, 0x000000074b800000|  0%| F|  |TAMS 0x000000074b600000| PB 0x000000074b600000| Untracked |  0
|  92|0x000000074b800000, 0x000000074b800000, 0x000000074ba00000|  0%| F|  |TAMS 0x000000074b800000| PB 0x000000074b800000| Untracked |  0
|  93|0x000000074ba00000, 0x000000074ba00000, 0x000000074bc00000|  0%| F|  |TAMS 0x000000074ba00000| PB 0x000000074ba00000| Untracked |  0
|  94|0x000000074bc00000, 0x000000074bc00000, 0x000000074be00000|  0%| F|  |TAMS 0x000000074bc00000| PB 0x000000074bc00000| Untracked |  0
|  95|0x000000074be00000, 0x000000074be00000, 0x000000074c000000|  0%| F|  |TAMS 0x000000074be00000| PB 0x000000074be00000| Untracked |  0
|  96|0x000000074c000000, 0x000000074c000000, 0x000000074c200000|  0%| F|  |TAMS 0x000000074c000000| PB 0x000000074c000000| Untracked |  0
|  97|0x000000074c200000, 0x000000074c200000, 0x000000074c400000|  0%| F|  |TAMS 0x000000074c200000| PB 0x000000074c200000| Untracked |  0
|  98|0x000000074c400000, 0x000000074c400000, 0x000000074c600000|  0%| F|  |TAMS 0x000000074c400000| PB 0x000000074c400000| Untracked |  0
|  99|0x000000074c600000, 0x000000074c600000, 0x000000074c800000|  0%| F|  |TAMS 0x000000074c600000| PB 0x000000074c600000| Untracked |  0
| 100|0x000000074c800000, 0x000000074c800000, 0x000000074ca00000|  0%| F|  |TAMS 0x000000074c800000| PB 0x000000074c800000| Untracked |  0
| 101|0x000000074ca00000, 0x000000074ca00000, 0x000000074cc00000|  0%| F|  |TAMS 0x000000074ca00000| PB 0x000000074ca00000| Untracked |  0
| 102|0x000000074cc00000, 0x000000074cc00000, 0x000000074ce00000|  0%| F|  |TAMS 0x000000074cc00000| PB 0x000000074cc00000| Untracked |  0
| 103|0x000000074ce00000, 0x000000074ce00000, 0x000000074d000000|  0%| F|  |TAMS 0x000000074ce00000| PB 0x000000074ce00000| Untracked |  0
| 104|0x000000074d000000, 0x000000074d000000, 0x000000074d200000|  0%| F|  |TAMS 0x000000074d000000| PB 0x000000074d000000| Untracked |  0
| 105|0x000000074d200000, 0x000000074d200000, 0x000000074d400000|  0%| F|  |TAMS 0x000000074d200000| PB 0x000000074d200000| Untracked |  0
| 106|0x000000074d400000, 0x000000074d400000, 0x000000074d600000|  0%| F|  |TAMS 0x000000074d400000| PB 0x000000074d400000| Untracked |  0
| 107|0x000000074d600000, 0x000000074d600000, 0x000000074d800000|  0%| F|  |TAMS 0x000000074d600000| PB 0x000000074d600000| Untracked |  0
| 108|0x000000074d800000, 0x000000074d800000, 0x000000074da00000|  0%| F|  |TAMS 0x000000074d800000| PB 0x000000074d800000| Untracked |  0
| 109|0x000000074da00000, 0x000000074da00000, 0x000000074dc00000|  0%| F|  |TAMS 0x000000074da00000| PB 0x000000074da00000| Untracked |  0
| 110|0x000000074dc00000, 0x000000074dc00000, 0x000000074de00000|  0%| F|  |TAMS 0x000000074dc00000| PB 0x000000074dc00000| Untracked |  0
| 111|0x000000074de00000, 0x000000074de00000, 0x000000074e000000|  0%| F|  |TAMS 0x000000074de00000| PB 0x000000074de00000| Untracked |  0
| 112|0x000000074e000000, 0x000000074e000000, 0x000000074e200000|  0%| F|  |TAMS 0x000000074e000000| PB 0x000000074e000000| Untracked |  0
| 113|0x000000074e200000, 0x000000074e200000, 0x000000074e400000|  0%| F|  |TAMS 0x000000074e200000| PB 0x000000074e200000| Untracked |  0
| 114|0x000000074e400000, 0x000000074e400000, 0x000000074e600000|  0%| F|  |TAMS 0x000000074e400000| PB 0x000000074e400000| Untracked |  0
| 115|0x000000074e600000, 0x000000074e600000, 0x000000074e800000|  0%| F|  |TAMS 0x000000074e600000| PB 0x000000074e600000| Untracked |  0
| 116|0x000000074e800000, 0x000000074e800000, 0x000000074ea00000|  0%| F|  |TAMS 0x000000074e800000| PB 0x000000074e800000| Untracked |  0
| 117|0x000000074ea00000, 0x000000074ea00000, 0x000000074ec00000|  0%| F|  |TAMS 0x000000074ea00000| PB 0x000000074ea00000| Untracked |  0
| 118|0x000000074ec00000, 0x000000074ec00000, 0x000000074ee00000|  0%| F|  |TAMS 0x000000074ec00000| PB 0x000000074ec00000| Untracked |  0
| 119|0x000000074ee00000, 0x000000074ee00000, 0x000000074f000000|  0%| F|  |TAMS 0x000000074ee00000| PB 0x000000074ee00000| Untracked |  0
| 120|0x000000074f000000, 0x000000074f000000, 0x000000074f200000|  0%| F|  |TAMS 0x000000074f000000| PB 0x000000074f000000| Untracked |  0
| 121|0x000000074f200000, 0x000000074f200000, 0x000000074f400000|  0%| F|  |TAMS 0x000000074f200000| PB 0x000000074f200000| Untracked |  0
| 122|0x000000074f400000, 0x000000074f600000, 0x000000074f600000|100%| E|  |TAMS 0x000000074f400000| PB 0x000000074f400000| Complete |  0
| 123|0x000000074f600000, 0x000000074f800000, 0x000000074f800000|100%| E|CS|TAMS 0x000000074f600000| PB 0x000000074f600000| Complete |  0
| 124|0x000000074f800000, 0x000000074fa00000, 0x000000074fa00000|100%| E|CS|TAMS 0x000000074f800000| PB 0x000000074f800000| Complete |  0
| 126|0x000000074fc00000, 0x000000074fe00000, 0x000000074fe00000|100%| E|CS|TAMS 0x000000074fc00000| PB 0x000000074fc00000| Complete |  0
|1532|0x00000007ff800000, 0x00000007ffa00000, 0x00000007ffa00000|100%| O|  |TAMS 0x00000007ff800000| PB 0x00000007ff800000| Untracked |  0
|1533|0x00000007ffa00000, 0x00000007ffc00000, 0x00000007ffc00000|100%| O|  |TAMS 0x00000007ffa00000| PB 0x00000007ffa00000| Untracked |  0
|1534|0x00000007ffc00000, 0x00000007ffe00000, 0x00000007ffe00000|100%| O|  |TAMS 0x00000007ffc00000| PB 0x00000007ffc00000| Untracked |  0
|1535|0x00000007ffe00000, 0x0000000800000000, 0x0000000800000000|100%| O|  |TAMS 0x00000007ffe00000| PB 0x00000007ffe00000| Untracked |  0

Card table byte_map: [0x000001aeb80c0000,0x000001aeb86c0000] _byte_map_base: 0x000001aeb46c0000

Marking Bits: (CMBitMap*) 0x000001ae9fd7a7a0
 Bits: [0x000001aeb86c0000, 0x000001aebb6c0000)

Polling page: 0x000001ae9d8d0000

Metaspace:

Usage:
  Non-class:    106.86 MB used.
      Class:     16.43 MB used.
       Both:    123.30 MB used.

Virtual space:
  Non-class space:      128.00 MB reserved,     108.12 MB ( 84%) committed,  2 nodes.
      Class space:        1.00 GB reserved,      17.56 MB (  2%) committed,  1 nodes.
             Both:        1.12 GB reserved,     125.69 MB ( 11%) committed. 

Chunk freelists:
   Non-Class:  3.42 MB
       Class:  14.28 MB
        Both:  17.70 MB

MaxMetaspaceSize: unlimited
CompressedClassSpaceSize: 1.00 GB
Initial GC threshold: 21.00 MB
Current GC threshold: 178.75 MB
CDS: on
 - commit_granule_bytes: 65536.
 - commit_granule_words: 8192.
 - virtual_space_node_default_size: 8388608.
 - enlarge_chunks_in_place: 1.
 - use_allocation_guard: 0.


Internal statistics:

num_allocs_failed_limit: 3.
num_arena_births: 4088.
num_arena_deaths: 12.
num_vsnodes_births: 3.
num_vsnodes_deaths: 0.
num_space_committed: 2010.
num_space_uncommitted: 0.
num_chunks_returned_to_freelist: 31.
num_chunks_taken_from_freelist: 9052.
num_chunk_merges: 4.
num_chunk_splits: 6398.
num_chunks_enlarged: 4546.
num_inconsistent_stats: 0.

CodeHeap 'non-profiled nmethods': size=120064Kb used=6441Kb max_used=6441Kb free=113622Kb
 bounds [0x000001aeaff20000, 0x000001aeb0570000, 0x000001aeb7460000]
CodeHeap 'profiled nmethods': size=120000Kb used=19688Kb max_used=19688Kb free=100311Kb
 bounds [0x000001aea8460000, 0x000001aea97a0000, 0x000001aeaf990000]
CodeHeap 'non-nmethods': size=5696Kb used=3123Kb max_used=3213Kb free=2572Kb
 bounds [0x000001aeaf990000, 0x000001aeafce0000, 0x000001aeaff20000]
CodeCache: size=245760Kb, used=29252Kb, max_used=29342Kb, free=216505Kb
 total_blobs=14134, nmethods=12939, adapters=1098, full_count=0
Compilation: enabled, stopped_count=0, restarted_count=0

Compilation events (20 events):
Event: 36.108 Thread 0x000001aebe33db60 nmethod 14870 0x000001aea974c788 code [0x000001aea974c8a0, 0x000001aea974c9c0]
Event: 36.138 Thread 0x000001aebe33db60 14871       2       org.jetbrains.kotlin.resolve.DelegatingBindingTrace::record (17 bytes)
Event: 36.138 Thread 0x000001aebe33db60 nmethod 14871 0x000001aea974ca88 code [0x000001aea974cc00, 0x000001aea974cf28]
Event: 36.138 Thread 0x000001aebe33db60 14872       2       org.jetbrains.kotlin.resolve.calls.smartcasts.DataFlowValue::getKind (10 bytes)
Event: 36.138 Thread 0x000001aebe33db60 nmethod 14872 0x000001aea974cf88 code [0x000001aea974d0a0, 0x000001aea974d1d8]
Event: 36.139 Thread 0x000001aebe33db60 14873       2       org.jetbrains.kotlin.descriptors.impl.SimpleFunctionDescriptorImpl::initialize (67 bytes)
Event: 36.140 Thread 0x000001aebe33db60 nmethod 14873 0x000001aea974d288 code [0x000001aea974d3e0, 0x000001aea974d660]
Event: 36.140 Thread 0x000001aebe33db60 14874       3       java.util.HashSet::iterator (13 bytes)
Event: 36.140 Thread 0x000001aebe33db60 nmethod 14874 0x000001aea974d688 code [0x000001aea974d7c0, 0x000001aea974da60]
Event: 36.142 Thread 0x000001aebe33db60 14875       1       org.jetbrains.kotlin.load.java.typeEnhancement.JavaTypeQualifiers::getDefinitelyNotNull (5 bytes)
Event: 36.142 Thread 0x000001aebe33db60 nmethod 14875 0x000001aeb0560308 code [0x000001aeb0560420, 0x000001aeb05604f0]
Event: 36.142 Thread 0x000001aebe33db60 14876       2       org.jetbrains.kotlin.utils.SmartList$SingletonIteratorBase::next (29 bytes)
Event: 36.143 Thread 0x000001aebe33db60 nmethod 14876 0x000001aea974da88 code [0x000001aea974dbc0, 0x000001aea974dde0]
Event: 36.143 Thread 0x000001aebe33db60 14877       2       org.jetbrains.kotlin.utils.SmartList$SingletonIterator::checkCoModification (60 bytes)
Event: 36.143 Thread 0x000001aebe33db60 nmethod 14877 0x000001aea974de88 code [0x000001aea974e020, 0x000001aea974e460]
Event: 36.143 Thread 0x000001aebe33db60 14878       2       org.jetbrains.kotlin.resolve.AllUnderImportScope::getContributedClassifier (85 bytes)
Event: 36.144 Thread 0x000001aebe33db60 nmethod 14878 0x000001aea974e508 code [0x000001aea974e6e0, 0x000001aea974ecd0]
Event: 36.144 Thread 0x000001aebe33db60 14879       2       org.jetbrains.kotlin.load.java.lazy.descriptors.JvmPackageScope::getContributedVariables (122 bytes)
Event: 37.140 Thread 0x000001aebe33db60 nmethod 14879 0x000001aea974ed88 code [0x000001aea974f0e0, 0x000001aea9750070]
Event: 37.140 Thread 0x000001aebe33db60 14883       2       org.jetbrains.kotlin.resolve.calls.checkers.CallCheckerContext::getLanguageVersionSettings (14 bytes)

GC Heap History (20 events):
Event: 14.186 GC heap before
{Heap before GC invocations=29 (full 0):
 garbage-first heap   total reserved 3145728K, committed 204800K, used 183360K [0x0000000740000000, 0x0000000800000000)
  region size 2048K, 42 young (86016K), 1 survivors (2048K)
 Metaspace       used 53723K, committed 55424K, reserved 1114112K
  class space    used 7820K, committed 8640K, reserved 1048576K
}
Event: 14.188 GC heap after
{Heap after GC invocations=30 (full 0):
 garbage-first heap   total reserved 3145728K, committed 204800K, used 99308K [0x0000000740000000, 0x0000000800000000)
  region size 2048K, 1 young (2048K), 1 survivors (2048K)
 Metaspace       used 53723K, committed 55424K, reserved 1114112K
  class space    used 7820K, committed 8640K, reserved 1048576K
}
Event: 15.247 GC heap before
{Heap before GC invocations=31 (full 0):
 garbage-first heap   total reserved 3145728K, committed 204800K, used 185324K [0x0000000740000000, 0x0000000800000000)
  region size 2048K, 44 young (90112K), 1 survivors (2048K)
 Metaspace       used 56889K, committed 58688K, reserved 1114112K
  class space    used 8127K, committed 8960K, reserved 1048576K
}
Event: 15.251 GC heap after
{Heap after GC invocations=32 (full 0):
 garbage-first heap   total reserved 3145728K, committed 204800K, used 100899K [0x0000000740000000, 0x0000000800000000)
  region size 2048K, 2 young (4096K), 2 survivors (4096K)
 Metaspace       used 56889K, committed 58688K, reserved 1114112K
  class space    used 8127K, committed 8960K, reserved 1048576K
}
Event: 16.588 GC heap before
{Heap before GC invocations=32 (full 0):
 garbage-first heap   total reserved 3145728K, committed 204800K, used 186915K [0x0000000740000000, 0x0000000800000000)
  region size 2048K, 44 young (90112K), 2 survivors (4096K)
 Metaspace       used 69396K, committed 71232K, reserved 1114112K
  class space    used 10187K, committed 11008K, reserved 1048576K
}
Event: 16.595 GC heap after
{Heap after GC invocations=33 (full 0):
 garbage-first heap   total reserved 3145728K, committed 204800K, used 102509K [0x0000000740000000, 0x0000000800000000)
  region size 2048K, 3 young (6144K), 3 survivors (6144K)
 Metaspace       used 69396K, committed 71232K, reserved 1114112K
  class space    used 10187K, committed 11008K, reserved 1048576K
}
Event: 17.178 GC heap before
{Heap before GC invocations=33 (full 0):
 garbage-first heap   total reserved 3145728K, committed 204800K, used 149613K [0x0000000740000000, 0x0000000800000000)
  region size 2048K, 27 young (55296K), 3 survivors (6144K)
 Metaspace       used 75393K, committed 77312K, reserved 1179648K
  class space    used 10953K, committed 11840K, reserved 1048576K
}
Event: 17.183 GC heap after
{Heap after GC invocations=34 (full 0):
 garbage-first heap   total reserved 3145728K, committed 204800K, used 103678K [0x0000000740000000, 0x0000000800000000)
  region size 2048K, 3 young (6144K), 3 survivors (6144K)
 Metaspace       used 75393K, committed 77312K, reserved 1179648K
  class space    used 10953K, committed 11840K, reserved 1048576K
}
Event: 18.028 GC heap before
{Heap before GC invocations=35 (full 0):
 garbage-first heap   total reserved 3145728K, committed 204800K, used 199934K [0x0000000740000000, 0x0000000800000000)
  region size 2048K, 44 young (90112K), 3 survivors (6144K)
 Metaspace       used 80441K, committed 82432K, reserved 1179648K
  class space    used 11538K, committed 12480K, reserved 1048576K
}
Event: 18.044 GC heap after
{Heap after GC invocations=36 (full 0):
 garbage-first heap   total reserved 3145728K, committed 221184K, used 123961K [0x0000000740000000, 0x0000000800000000)
  region size 2048K, 6 young (12288K), 6 survivors (12288K)
 Metaspace       used 80441K, committed 82432K, reserved 1179648K
  class space    used 11538K, committed 12480K, reserved 1048576K
}
Event: 18.901 GC heap before
{Heap before GC invocations=36 (full 0):
 garbage-first heap   total reserved 3145728K, committed 221184K, used 195641K [0x0000000740000000, 0x0000000800000000)
  region size 2048K, 41 young (83968K), 6 survivors (12288K)
 Metaspace       used 88523K, committed 90816K, reserved 1179648K
  class space    used 12473K, committed 13568K, reserved 1048576K
}
Event: 18.912 GC heap after
{Heap after GC invocations=37 (full 0):
 garbage-first heap   total reserved 3145728K, committed 266240K, used 129482K [0x0000000740000000, 0x0000000800000000)
  region size 2048K, 3 young (6144K), 3 survivors (6144K)
 Metaspace       used 88523K, committed 90816K, reserved 1179648K
  class space    used 12473K, committed 13568K, reserved 1048576K
}
Event: 24.472 GC heap before
{Heap before GC invocations=37 (full 0):
 garbage-first heap   total reserved 3145728K, committed 266240K, used 233930K [0x0000000740000000, 0x0000000800000000)
  region size 2048K, 54 young (110592K), 3 survivors (6144K)
 Metaspace       used 96514K, committed 98816K, reserved 1179648K
  class space    used 13452K, committed 14528K, reserved 1048576K
}
Event: 24.483 GC heap after
{Heap after GC invocations=38 (full 0):
 garbage-first heap   total reserved 3145728K, committed 266240K, used 136245K [0x0000000740000000, 0x0000000800000000)
  region size 2048K, 6 young (12288K), 6 survivors (12288K)
 Metaspace       used 96514K, committed 98816K, reserved 1179648K
  class space    used 13452K, committed 14528K, reserved 1048576K
}
Event: 28.491 GC heap before
{Heap before GC invocations=38 (full 0):
 garbage-first heap   total reserved 3145728K, committed 266240K, used 232501K [0x0000000740000000, 0x0000000800000000)
  region size 2048K, 53 young (108544K), 6 survivors (12288K)
 Metaspace       used 106719K, committed 109056K, reserved 1179648K
  class space    used 14637K, committed 15744K, reserved 1048576K
}
Event: 28.503 GC heap after
{Heap after GC invocations=39 (full 0):
 garbage-first heap   total reserved 3145728K, committed 266240K, used 142655K [0x0000000740000000, 0x0000000800000000)
  region size 2048K, 7 young (14336K), 7 survivors (14336K)
 Metaspace       used 106719K, committed 109056K, reserved 1179648K
  class space    used 14637K, committed 15744K, reserved 1048576K
}
Event: 31.606 GC heap before
{Heap before GC invocations=40 (full 0):
 garbage-first heap   total reserved 3145728K, committed 266240K, used 236863K [0x0000000740000000, 0x0000000800000000)
  region size 2048K, 53 young (108544K), 7 survivors (14336K)
 Metaspace       used 120737K, committed 123136K, reserved 1179648K
  class space    used 16120K, committed 17280K, reserved 1048576K
}
Event: 31.618 GC heap after
{Heap after GC invocations=41 (full 0):
 garbage-first heap   total reserved 3145728K, committed 266240K, used 145919K [0x0000000740000000, 0x0000000800000000)
  region size 2048K, 5 young (10240K), 5 survivors (10240K)
 Metaspace       used 120737K, committed 123136K, reserved 1179648K
  class space    used 16120K, committed 17280K, reserved 1048576K
}
Event: 36.032 GC heap before
{Heap before GC invocations=41 (full 0):
 garbage-first heap   total reserved 3145728K, committed 266240K, used 240127K [0x0000000740000000, 0x0000000800000000)
  region size 2048K, 51 young (104448K), 5 survivors (10240K)
 Metaspace       used 125834K, committed 128256K, reserved 1179648K
  class space    used 16799K, committed 17920K, reserved 1048576K
}
Event: 36.051 GC heap after
{Heap after GC invocations=42 (full 0):
 garbage-first heap   total reserved 3145728K, committed 266240K, used 156236K [0x0000000740000000, 0x0000000800000000)
  region size 2048K, 7 young (14336K), 7 survivors (14336K)
 Metaspace       used 125834K, committed 128256K, reserved 1179648K
  class space    used 16799K, committed 17920K, reserved 1048576K
}

Dll operation events (15 events):
Event: 0.014 Loaded shared library C:\Program Files\Java\jdk-23\bin\java.dll
Event: 0.046 Loaded shared library C:\Program Files\Java\jdk-23\bin\jsvml.dll
Event: 0.100 Loaded shared library C:\Program Files\Java\jdk-23\bin\zip.dll
Event: 0.106 Loaded shared library C:\Program Files\Java\jdk-23\bin\instrument.dll
Event: 0.112 Loaded shared library C:\Program Files\Java\jdk-23\bin\net.dll
Event: 0.118 Loaded shared library C:\Program Files\Java\jdk-23\bin\nio.dll
Event: 0.122 Loaded shared library C:\Program Files\Java\jdk-23\bin\zip.dll
Event: 0.316 Loaded shared library C:\Program Files\Java\jdk-23\bin\jimage.dll
Event: 0.434 Loaded shared library C:\Program Files\Java\jdk-23\bin\verify.dll
Event: 0.567 Loaded shared library C:\Users\Tristus1er\.gradle\native\1def1411415f61bf3af743bc5b6707747c0891f09f0c88961ee8f79bc544acac\windows-amd64\native-platform.dll
Event: 0.579 Loaded shared library C:\Users\Tristus1er\.gradle\native\0.2.7\x86_64-windows-gnu\gradle-fileevents.dll
Event: 1.529 Loaded shared library C:\Program Files\Java\jdk-23\bin\management.dll
Event: 1.535 Loaded shared library C:\Program Files\Java\jdk-23\bin\management_ext.dll
Event: 1.694 Loaded shared library C:\Program Files\Java\jdk-23\bin\extnet.dll
Event: 1.924 Loaded shared library C:\Program Files\Java\jdk-23\bin\sunmscapi.dll

Deoptimization events (20 events):
Event: 35.081 Thread 0x000001af059abab0 Uncommon trap: trap_request=0xffffffc6 fr.pc=0x000001aeb0542fb8 relative=0x00000000000003b8
Event: 35.081 Thread 0x000001af059abab0 Uncommon trap: reason=bimorphic_or_optimized_type_check action=maybe_recompile pc=0x000001aeb0542fb8 method=org.jetbrains.kotlin.com.intellij.openapi.vfs.VirtualFile.nameEquals(Ljava/lang/String;)Z @ 10 c2
Event: 35.081 Thread 0x000001af059abab0 DEOPT PACKING pc=0x000001aeb0542fb8 sp=0x0000009f39bf1cb0
Event: 35.081 Thread 0x000001af059abab0 DEOPT UNPACKING pc=0x000001aeaf9e4402 sp=0x0000009f39bf1c70 mode 2
Event: 35.081 Thread 0x000001af059abab0 Uncommon trap: trap_request=0xffffffc6 fr.pc=0x000001aeb05424c8 relative=0x00000000000004a8
Event: 35.081 Thread 0x000001af059abab0 Uncommon trap: reason=bimorphic_or_optimized_type_check action=maybe_recompile pc=0x000001aeb05424c8 method=org.jetbrains.kotlin.com.intellij.openapi.vfs.VirtualFile.nameEquals(Ljava/lang/String;)Z @ 10 c2
Event: 35.081 Thread 0x000001af059abab0 DEOPT PACKING pc=0x000001aeb05424c8 sp=0x0000009f39bf1d40
Event: 35.081 Thread 0x000001af059abab0 DEOPT UNPACKING pc=0x000001aeaf9e4402 sp=0x0000009f39bf1c70 mode 2
Event: 35.643 Thread 0x000001af059abab0 DEOPT PACKING pc=0x000001aea95a8982 sp=0x0000009f39bf1450
Event: 35.643 Thread 0x000001af059abab0 DEOPT UNPACKING pc=0x000001aeaf9e4b22 sp=0x0000009f39bf0960 mode 0
Event: 35.670 Thread 0x000001af059abab0 DEOPT PACKING pc=0x000001aea95a8982 sp=0x0000009f39bf1c40
Event: 35.671 Thread 0x000001af059abab0 DEOPT UNPACKING pc=0x000001aeaf9e4b22 sp=0x0000009f39bf1150 mode 0
Event: 36.053 Thread 0x000001aebe32b170 Uncommon trap: trap_request=0xffffff45 fr.pc=0x000001aeaffd0c4c relative=0x000000000000074c
Event: 36.053 Thread 0x000001aebe32b170 Uncommon trap: reason=unstable_if action=reinterpret pc=0x000001aeaffd0c4c method=java.util.HashMap$HashIterator.<init>(Ljava/util/HashMap;)V @ 45 c2
Event: 36.053 Thread 0x000001aebe32b170 DEOPT PACKING pc=0x000001aeaffd0c4c sp=0x0000009f385ff590
Event: 36.053 Thread 0x000001aebe32b170 DEOPT UNPACKING pc=0x000001aeaf9e4402 sp=0x0000009f385ff420 mode 2
Event: 36.063 Thread 0x000001aebe32b170 Uncommon trap: trap_request=0xffffff45 fr.pc=0x000001aeb02158d4 relative=0x0000000000000134
Event: 36.063 Thread 0x000001aebe32b170 Uncommon trap: reason=unstable_if action=reinterpret pc=0x000001aeb02158d4 method=java.lang.ThreadLocal.get(Ljava/lang/Thread;)Ljava/lang/Object; @ 7 c2
Event: 36.063 Thread 0x000001aebe32b170 DEOPT PACKING pc=0x000001aeb02158d4 sp=0x0000009f385fed10
Event: 36.063 Thread 0x000001aebe32b170 DEOPT UNPACKING pc=0x000001aeaf9e4402 sp=0x0000009f385fec38 mode 2

Classes loaded (20 events):
Event: 33.175 Loading class jdk/internal/event/TLSHandshakeEvent
Event: 33.175 Loading class jdk/internal/event/TLSHandshakeEvent done
Event: 33.175 Loading class javax/net/ssl/SSLEngineResult$HandshakeStatus
Event: 33.176 Loading class javax/net/ssl/SSLEngineResult$HandshakeStatus done
Event: 33.477 Loading class java/io/ObjectOutputStream$BlockDataOutputStream
Event: 33.478 Loading class java/io/ObjectOutputStream$BlockDataOutputStream done
Event: 33.478 Loading class java/io/ObjectOutputStream$HandleTable
Event: 33.478 Loading class java/io/ObjectOutputStream$HandleTable done
Event: 33.478 Loading class java/io/ObjectOutputStream$ReplaceTable
Event: 33.479 Loading class java/io/ObjectOutputStream$ReplaceTable done
Event: 33.714 Loading class java/text/ParsePosition
Event: 33.715 Loading class java/text/ParsePosition done
Event: 33.715 Loading class java/text/CalendarBuilder
Event: 33.715 Loading class java/text/CalendarBuilder done
Event: 36.054 Loading class sun/security/ssl/Alert
Event: 36.057 Loading class sun/security/ssl/Alert done
Event: 36.058 Loading class sun/security/ssl/Alert$AlertConsumer
Event: 36.061 Loading class sun/security/ssl/Alert$AlertConsumer done
Event: 36.062 Loading class sun/security/ssl/Alert$Level
Event: 36.062 Loading class sun/security/ssl/Alert$Level done

Classes unloaded (20 events):
Event: 12.465 Thread 0x000001aebe309ed0 Unloading class 0x000001aec0847800 '_BuildScript_'
Event: 12.465 Thread 0x000001aebe309ed0 Unloading class 0x000001aec0844538 '_BuildScript_$_run_closure1'
Event: 12.465 Thread 0x000001aebe309ed0 Unloading class 0x000001aec0844000 '_BuildScript_'
Event: 12.465 Thread 0x000001aebe309ed0 Unloading class 0x000001aec0838a78 'IdeaPluginConfigurator$_disableSources_closure1'
Event: 12.465 Thread 0x000001aebe309ed0 Unloading class 0x000001aec0838800 'IdeaPluginConfigurator'
Event: 14.251 Thread 0x000001aebe309ed0 Unloading class 0x000001aec0838bf0 '_BuildScript_$_run_closure1$_closure2'
Event: 14.251 Thread 0x000001aebe309ed0 Unloading class 0x000001aec0838800 '_BuildScript_$_run_closure1'
Event: 14.251 Thread 0x000001aebe309ed0 Unloading class 0x000001aec0847800 '_BuildScript_'
Event: 14.251 Thread 0x000001aebe309ed0 Unloading class 0x000001aec0870928 '_BuildScript_$_run_closure2'
Event: 14.251 Thread 0x000001aebe309ed0 Unloading class 0x000001aec0870538 '_BuildScript_$_run_closure1'
Event: 14.251 Thread 0x000001aebe309ed0 Unloading class 0x000001aec0870000 '_BuildScript_'
Event: 28.598 Thread 0x000001aebe309ed0 Unloading class 0x000001aec0876928 '_BuildScript_$_run_closure1$_closure3'
Event: 28.598 Thread 0x000001aebe309ed0 Unloading class 0x000001aec0876538 '_BuildScript_$_run_closure1$_closure2'
Event: 28.598 Thread 0x000001aebe309ed0 Unloading class 0x000001aec0844bf0 '_BuildScript_$_run_closure1'
Event: 28.598 Thread 0x000001aebe309ed0 Unloading class 0x000001aec0876000 '_BuildScript_'
Event: 28.598 Thread 0x000001aebe309ed0 Unloading class 0x000001aec0844800 'JetGradlePlugin$_apply_closure1$_closure2$_closure3'
Event: 28.598 Thread 0x000001aebe309ed0 Unloading class 0x000001aec0838bf0 'JetGradlePlugin$_apply_closure1$_closure2'
Event: 28.598 Thread 0x000001aebe309ed0 Unloading class 0x000001aec0838800 'JetGradlePlugin$_apply_closure1'
Event: 28.598 Thread 0x000001aebe309ed0 Unloading class 0x000001aec0847ad0 'JetGradlePlugin'
Event: 28.598 Thread 0x000001aebe309ed0 Unloading class 0x000001aec0847800 'RegistryProcessor'

Classes redefined (0 events):
No events

Internal exceptions (20 events):
Event: 31.142 Thread 0x000001af059abab0 Implicit null exception at 0x000001aeb030708e to 0x000001aeb0307344
Event: 31.244 Thread 0x000001af059abab0 Exception <a 'sun/nio/fs/WindowsException'{0x000000074a99cac8}> (0x000000074a99cac8) 
thrown [s\open\src\hotspot\share\prims\jni.cpp, line 520]
Event: 33.453 Thread 0x000001af059abab0 Implicit null exception at 0x000001aeb029a64e to 0x000001aeb029a688
Event: 33.453 Thread 0x000001af059abab0 Implicit null exception at 0x000001aeaff49390 to 0x000001aeaff4972c
Event: 33.480 Thread 0x000001af059ac7d0 Exception <a 'java/lang/NoSuchMethodError'{0x000000074eb52838}: static Lorg/gradle/internal/build/event/types/DefaultOperationStartedProgressEvent;.<clinit>()V> (0x000000074eb52838) 
thrown [s\open\src\hotspot\share\prims\jni.cpp, line 1111]
Event: 33.480 Thread 0x000001af059ac7d0 Exception <a 'java/lang/NoSuchMethodError'{0x000000074eb54158}: static Lorg/gradle/internal/build/event/types/AbstractProgressEvent;.<clinit>()V> (0x000000074eb54158) 
thrown [s\open\src\hotspot\share\prims\jni.cpp, line 1111]
Event: 33.481 Thread 0x000001af059ac7d0 Exception <a 'java/lang/NoSuchMethodError'{0x000000074eb61758}: static Lorg/gradle/internal/build/event/types/DefaultFileDownloadDescriptor;.<clinit>()V> (0x000000074eb61758) 
thrown [s\open\src\hotspot\share\prims\jni.cpp, line 1111]
Event: 33.482 Thread 0x000001af059ac7d0 Exception <a 'java/lang/NoSuchMethodError'{0x000000074eb63e48}: static Lorg/gradle/internal/build/event/types/DefaultOperationDescriptor;.<clinit>()V> (0x000000074eb63e48) 
thrown [s\open\src\hotspot\share\prims\jni.cpp, line 1111]
Event: 33.483 Thread 0x000001af059ac7d0 Exception <a 'java/lang/NoSuchMethodError'{0x000000074eb71038}: static Lorg/gradle/internal/operations/OperationIdentifier;.<clinit>()V> (0x000000074eb71038) 
thrown [s\open\src\hotspot\share\prims\jni.cpp, line 1111]
Event: 33.718 Thread 0x000001af059abab0 Exception <a 'java/lang/NoSuchMethodError'{0x000000074eb12338}: 'void java.lang.invoke.DirectMethodHandle$Holder.invokeVirtual(java.lang.Object, java.lang.Object, long)'> (0x000000074eb12338) 
thrown [s\open\src\hotspot\share\interpreter\linkResolver.cpp, line 796]
Event: 33.729 Thread 0x000001af059ac7d0 Exception <a 'java/lang/NoSuchMethodError'{0x000000074eb7c8e8}: static Lorg/gradle/internal/build/event/types/DefaultStatusEvent;.<clinit>()V> (0x000000074eb7c8e8) 
thrown [s\open\src\hotspot\share\prims\jni.cpp, line 1111]
Event: 33.937 Thread 0x000001af059ac7d0 Exception <a 'java/lang/NoSuchMethodError'{0x000000074e85f878}: static Lorg/gradle/internal/build/event/types/DefaultOperationFinishedProgressEvent;.<clinit>()V> (0x000000074e85f878) 
thrown [s\open\src\hotspot\share\prims\jni.cpp, line 1111]
Event: 33.938 Thread 0x000001af059ac7d0 Exception <a 'java/lang/NoSuchMethodError'{0x000000074e87ccf0}: static Lorg/gradle/internal/build/event/types/DefaultFileDownloadSuccessResult;.<clinit>()V> (0x000000074e87ccf0) 
thrown [s\open\src\hotspot\share\prims\jni.cpp, line 1111]
Event: 33.938 Thread 0x000001af059ac7d0 Exception <a 'java/lang/NoSuchMethodError'{0x000000074e87dae8}: static Lorg/gradle/internal/build/event/types/DefaultSuccessResult;.<clinit>()V> (0x000000074e87dae8) 
thrown [s\open\src\hotspot\share\prims\jni.cpp, line 1111]
Event: 33.938 Thread 0x000001af059ac7d0 Exception <a 'java/lang/NoSuchMethodError'{0x000000074e87ec30}: static Lorg/gradle/internal/build/event/types/AbstractOperationResult;.<clinit>()V> (0x000000074e87ec30) 
thrown [s\open\src\hotspot\share\prims\jni.cpp, line 1111]
Event: 33.938 Thread 0x000001af059ac7d0 Exception <a 'java/lang/NoSuchMethodError'{0x000000074e880048}: static Lorg/gradle/internal/build/event/types/AbstractResult;.<clinit>()V> (0x000000074e880048) 
thrown [s\open\src\hotspot\share\prims\jni.cpp, line 1111]
Event: 34.647 Thread 0x000001af059abab0 Exception <a 'sun/nio/fs/WindowsException'{0x000000074e0a8388}> (0x000000074e0a8388) 
thrown [s\open\src\hotspot\share\prims\jni.cpp, line 520]
Event: 34.648 Thread 0x000001af059abab0 Exception <a 'sun/nio/fs/WindowsException'{0x000000074e0aa138}> (0x000000074e0aa138) 
thrown [s\open\src\hotspot\share\prims\jni.cpp, line 520]
Event: 36.063 Thread 0x000001aebe32b170 Implicit null exception at 0x000001aeb02157e0 to 0x000001aeb02158bc
Event: 36.128 Thread 0x000001af059abab0 Exception <a 'java/lang/IncompatibleClassChangeError'{0x000000074fcf7958}: Found class java.lang.Object, but interface was expected> (0x000000074fcf7958) 
thrown [s\open\src\hotspot\share\interpreter\linkResolver.cpp, line 863]

VM Operations (20 events):
Event: 31.442 Executing VM operation: HandshakeAllThreads (Deoptimize)
Event: 31.442 Executing VM operation: HandshakeAllThreads (Deoptimize) done
Event: 31.591 Executing VM operation: G1CollectForAllocation (G1 Evacuation Pause)
Event: 31.618 Executing VM operation: G1CollectForAllocation (G1 Evacuation Pause) done
Event: 31.619 Executing VM operation: HandshakeAllThreads (Deoptimize)
Event: 31.620 Executing VM operation: HandshakeAllThreads (Deoptimize) done
Event: 31.840 Executing VM operation: HandshakeAllThreads (Deoptimize)
Event: 31.840 Executing VM operation: HandshakeAllThreads (Deoptimize) done
Event: 32.489 Executing VM operation: HandshakeAllThreads (Deoptimize)
Event: 32.490 Executing VM operation: HandshakeAllThreads (Deoptimize) done
Event: 32.673 Executing VM operation: HandshakeAllThreads (Deoptimize)
Event: 32.673 Executing VM operation: HandshakeAllThreads (Deoptimize) done
Event: 33.349 Executing VM operation: HandshakeAllThreads (Deoptimize)
Event: 33.350 Executing VM operation: HandshakeAllThreads (Deoptimize) done
Event: 33.473 Executing VM operation: HandshakeAllThreads (Deoptimize)
Event: 33.473 Executing VM operation: HandshakeAllThreads (Deoptimize) done
Event: 35.623 Executing VM operation: HandshakeAllThreads (Deoptimize)
Event: 35.623 Executing VM operation: HandshakeAllThreads (Deoptimize) done
Event: 36.032 Executing VM operation: G1CollectForAllocation (G1 Evacuation Pause)
Event: 36.051 Executing VM operation: G1CollectForAllocation (G1 Evacuation Pause) done

Memory protections (0 events):
No events

Nmethod flushes (20 events):
Event: 28.611 Thread 0x000001aebe309ed0 flushing  nmethod 0x000001aea87ddb88
Event: 28.611 Thread 0x000001aebe309ed0 flushing  nmethod 0x000001aea8a09e08
Event: 28.611 Thread 0x000001aebe309ed0 flushing  nmethod 0x000001aea8a0a788
Event: 28.611 Thread 0x000001aebe309ed0 flushing  nmethod 0x000001aea8a0bf08
Event: 28.611 Thread 0x000001aebe309ed0 flushing  nmethod 0x000001aea8aab608
Event: 28.611 Thread 0x000001aebe309ed0 flushing  nmethod 0x000001aea8bea988
Event: 28.611 Thread 0x000001aebe309ed0 flushing  nmethod 0x000001aea8c51488
Event: 28.611 Thread 0x000001aebe309ed0 flushing  nmethod 0x000001aea8cb4c08
Event: 28.611 Thread 0x000001aebe309ed0 flushing  nmethod 0x000001aea8d0ac08
Event: 28.611 Thread 0x000001aebe309ed0 flushing  nmethod 0x000001aea8d0c908
Event: 28.611 Thread 0x000001aebe309ed0 flushing  nmethod 0x000001aea8d0f108
Event: 28.611 Thread 0x000001aebe309ed0 flushing  nmethod 0x000001aea8d49f08
Event: 28.611 Thread 0x000001aebe309ed0 flushing  nmethod 0x000001aea8e52688
Event: 28.611 Thread 0x000001aebe309ed0 flushing  nmethod 0x000001aea8e52c88
Event: 28.611 Thread 0x000001aebe309ed0 flushing  nmethod 0x000001aea8e53c08
Event: 28.611 Thread 0x000001aebe309ed0 flushing  nmethod 0x000001aea8e53f08
Event: 28.611 Thread 0x000001aebe309ed0 flushing  nmethod 0x000001aea8e94088
Event: 28.611 Thread 0x000001aebe309ed0 flushing  nmethod 0x000001aea8f4bb88
Event: 28.611 Thread 0x000001aebe309ed0 flushing  nmethod 0x000001aea8f9f188
Event: 28.611 Thread 0x000001aebe309ed0 flushing  nmethod 0x000001aea8fa7a88

Events (20 events):
Event: 18.106 Thread 0x000001aebe33db60 Thread added: 0x000001af0aa63200
Event: 18.232 Thread 0x000001af0aa63200 Thread exited: 0x000001af0aa63200
Event: 18.582 Thread 0x000001aebe33db60 Thread added: 0x000001af0a38b3c0
Event: 19.973 Thread 0x000001af0a38b3c0 Thread exited: 0x000001af0a38b3c0
Event: 21.741 Thread 0x000001aebe33db60 Thread added: 0x000001af0a38acf0
Event: 22.312 Thread 0x000001af0a38acf0 Thread exited: 0x000001af0a38acf0
Event: 26.205 Thread 0x000001aebe33b0a0 Thread added: 0x000001af0a391320
Event: 26.754 Thread 0x000001af0a391320 Thread exited: 0x000001af0a391320
Event: 27.370 Thread 0x000001aebe33db60 Thread added: 0x000001af0a38f7e0
Event: 28.114 Thread 0x000001af0a38f7e0 Thread exited: 0x000001af0a38f7e0
Event: 31.253 Thread 0x000001aebe33db60 Thread added: 0x000001af07779e00
Event: 32.603 Thread 0x000001af07779e00 Thread exited: 0x000001af07779e00
Event: 32.818 Thread 0x000001aebe33db60 Thread added: 0x000001af0777aba0
Event: 33.420 Thread 0x000001af059abab0 Thread added: 0x000001af0b1a71b0
Event: 34.037 Thread 0x000001af059abab0 Thread added: 0x000001af0b1a7840
Event: 34.058 Thread 0x000001af059abab0 Thread added: 0x000001af0b1a7ed0
Event: 34.279 Thread 0x000001aebe33db60 Thread added: 0x000001af0777b270
Event: 34.535 Thread 0x000001af0777b270 Thread exited: 0x000001af0777b270
Event: 34.535 Thread 0x000001af0777aba0 Thread exited: 0x000001af0777aba0
Event: 34.619 Thread 0x000001aebe33db60 Thread added: 0x000001af19c6d2f0


Dynamic libraries:
0x00007ff6c7520000 - 0x00007ff6c7530000 	C:\Program Files\Java\jdk-23\bin\java.exe
0x00007ff8076e0000 - 0x00007ff807947000 	C:\WINDOWS\SYSTEM32\ntdll.dll
0x00007ff805d00000 - 0x00007ff805dc9000 	C:\WINDOWS\System32\KERNEL32.DLL
0x00007ff804a20000 - 0x00007ff804e14000 	C:\WINDOWS\System32\KERNELBASE.dll
0x00007ff804820000 - 0x00007ff80496b000 	C:\WINDOWS\System32\ucrtbase.dll
0x00007fffda150000 - 0x00007fffda167000 	C:\Program Files\Java\jdk-23\bin\jli.dll
0x00007fffda130000 - 0x00007fffda14b000 	C:\Program Files\Java\jdk-23\bin\VCRUNTIME140.dll
0x00007ff805610000 - 0x00007ff8057d5000 	C:\WINDOWS\System32\USER32.dll
0x00007fffeb680000 - 0x00007fffeb913000 	C:\WINDOWS\WinSxS\amd64_microsoft.windows.common-controls_6595b64144ccf1df_6.0.26100.8115_none_3e075c82e3354f9c\COMCTL32.dll
0x00007ff804e20000 - 0x00007ff804e47000 	C:\WINDOWS\System32\win32u.dll
0x00007ff806e40000 - 0x00007ff806ee9000 	C:\WINDOWS\System32\msvcrt.dll
0x00007ff807190000 - 0x00007ff8071bb000 	C:\WINDOWS\System32\GDI32.dll
0x00007ff804fd0000 - 0x00007ff8050fb000 	C:\WINDOWS\System32\gdi32full.dll
0x00007ff804970000 - 0x00007ff804a13000 	C:\WINDOWS\System32\msvcp_win.dll
0x00007ff806c00000 - 0x00007ff806c32000 	C:\WINDOWS\System32\IMM32.DLL
0x00007fffec0a0000 - 0x00007fffec0ac000 	C:\Program Files\Java\jdk-23\bin\vcruntime140_1.dll
0x00007fffbb6b0000 - 0x00007fffbb73e000 	C:\Program Files\Java\jdk-23\bin\msvcp140.dll
0x00007fff6d300000 - 0x00007fff6e050000 	C:\Program Files\Java\jdk-23\bin\server\jvm.dll
0x00007ff8070d0000 - 0x00007ff807186000 	C:\WINDOWS\System32\ADVAPI32.dll
0x00007ff806f00000 - 0x00007ff806fa7000 	C:\WINDOWS\System32\sechost.dll
0x00007ff807290000 - 0x00007ff8073a8000 	C:\WINDOWS\System32\RPCRT4.dll
0x00007ff806fb0000 - 0x00007ff807030000 	C:\WINDOWS\System32\WS2_32.dll
0x00007ff803e10000 - 0x00007ff803e6e000 	C:\WINDOWS\SYSTEM32\POWRPROF.dll
0x00007fffeffe0000 - 0x00007ffff0016000 	C:\WINDOWS\SYSTEM32\WINMM.dll
0x00007ffffb500000 - 0x00007ffffb50b000 	C:\WINDOWS\SYSTEM32\VERSION.dll
0x00007ff803df0000 - 0x00007ff803e04000 	C:\WINDOWS\SYSTEM32\UMPDC.dll
0x00007ff802d10000 - 0x00007ff802d2b000 	C:\WINDOWS\SYSTEM32\kernel.appcore.dll
0x00007fffebdc0000 - 0x00007fffebdca000 	C:\Program Files\Java\jdk-23\bin\jimage.dll
0x00007ff801bd0000 - 0x00007ff801e12000 	C:\WINDOWS\SYSTEM32\DBGHELP.DLL
0x00007ff805e20000 - 0x00007ff8061a2000 	C:\WINDOWS\System32\combase.dll
0x00007ff806d30000 - 0x00007ff806e08000 	C:\WINDOWS\System32\OLEAUT32.dll
0x00007fffec290000 - 0x00007fffec2cb000 	C:\WINDOWS\SYSTEM32\dbgcore.DLL
0x00007ff805300000 - 0x00007ff8053a5000 	C:\WINDOWS\System32\bcryptPrimitives.dll
0x00007fffe34f0000 - 0x00007fffe34ff000 	C:\Program Files\Java\jdk-23\bin\instrument.dll
0x00007fffda040000 - 0x00007fffda05e000 	C:\Program Files\Java\jdk-23\bin\java.dll
0x00007ff805470000 - 0x00007ff805607000 	C:\WINDOWS\System32\ole32.dll
0x00007ff806490000 - 0x00007ff806bf7000 	C:\WINDOWS\System32\SHELL32.dll
0x00007ff805190000 - 0x00007ff8052fa000 	C:\WINDOWS\System32\wintypes.dll
0x00007ff803fb0000 - 0x00007ff804818000 	C:\WINDOWS\System32\windows.storage.dll
0x00007ff8061b0000 - 0x00007ff8062a8000 	C:\WINDOWS\System32\SHCORE.dll
0x00007ff8071c0000 - 0x00007ff807226000 	C:\WINDOWS\System32\shlwapi.dll
0x00007ff803ed0000 - 0x00007ff803ef9000 	C:\WINDOWS\SYSTEM32\profapi.dll
0x00007fffb9d60000 - 0x00007fffb9e37000 	C:\Program Files\Java\jdk-23\bin\jsvml.dll
0x00007fffd9bc0000 - 0x00007fffd9bd7000 	C:\Program Files\Java\jdk-23\bin\zip.dll
0x00007ffffb0f0000 - 0x00007ffffb100000 	C:\Program Files\Java\jdk-23\bin\net.dll
0x00007ff8032b0000 - 0x00007ff80331c000 	C:\WINDOWS\system32\mswsock.dll
0x00007fffd9c90000 - 0x00007fffd9ca6000 	C:\Program Files\Java\jdk-23\bin\nio.dll
0x00007fffeda90000 - 0x00007fffedaa0000 	C:\Program Files\Java\jdk-23\bin\verify.dll
0x00007fffdace0000 - 0x00007fffdad07000 	C:\Users\Tristus1er\.gradle\native\1def1411415f61bf3af743bc5b6707747c0891f09f0c88961ee8f79bc544acac\windows-amd64\native-platform.dll
0x00007fffcdc30000 - 0x00007fffcdca8000 	C:\Users\Tristus1er\.gradle\native\0.2.7\x86_64-windows-gnu\gradle-fileevents.dll
0x00007fffeda80000 - 0x00007fffeda8a000 	C:\Program Files\Java\jdk-23\bin\management.dll
0x00007fffdc4b0000 - 0x00007fffdc4bb000 	C:\Program Files\Java\jdk-23\bin\management_ext.dll
0x00007ff806c40000 - 0x00007ff806c48000 	C:\WINDOWS\System32\PSAPI.DLL
0x00007ff8026e0000 - 0x00007ff802712000 	C:\WINDOWS\SYSTEM32\IPHLPAPI.DLL
0x00007ff806ef0000 - 0x00007ff806efa000 	C:\WINDOWS\System32\NSI.dll
0x00007fffe1b50000 - 0x00007fffe1b59000 	C:\Program Files\Java\jdk-23\bin\extnet.dll
0x00007ff803590000 - 0x00007ff8035ab000 	C:\WINDOWS\SYSTEM32\CRYPTSP.dll
0x00007ff802c70000 - 0x00007ff802ca9000 	C:\WINDOWS\system32\rsaenh.dll
0x00007ff803360000 - 0x00007ff803393000 	C:\WINDOWS\SYSTEM32\USERENV.dll
0x00007ff803ea0000 - 0x00007ff803eca000 	C:\WINDOWS\SYSTEM32\bcrypt.dll
0x00007ff8035b0000 - 0x00007ff8035bc000 	C:\WINDOWS\SYSTEM32\CRYPTBASE.dll
0x00007fffe5500000 - 0x00007fffe550e000 	C:\Program Files\Java\jdk-23\bin\sunmscapi.dll
0x00007ff804e50000 - 0x00007ff804fc7000 	C:\WINDOWS\System32\CRYPT32.dll
0x00007ff8037b0000 - 0x00007ff8037e0000 	C:\WINDOWS\SYSTEM32\ncrypt.dll
0x00007ff803760000 - 0x00007ff80379f000 	C:\WINDOWS\SYSTEM32\NTASN1.dll
0x00007ffff5470000 - 0x00007ffff5478000 	C:\WINDOWS\system32\wshunix.dll
0x00007ff802e40000 - 0x00007ff802e76000 	C:\WINDOWS\SYSTEM32\ntmarta.dll
0x00007ff8027d0000 - 0x00007ff802902000 	C:\WINDOWS\SYSTEM32\DNSAPI.dll
0x00007ffff7850000 - 0x00007ffff785b000 	C:\Windows\System32\rasadhlp.dll
0x00007ffff7580000 - 0x00007ffff7606000 	C:\WINDOWS\System32\fwpuclnt.dll

dbghelp: loaded successfully - version: 4.0.5 - missing functions: none
symbol engine: initialized successfully - sym options: 0x614 - pdb path: .;C:\Program Files\Java\jdk-23\bin;C:\WINDOWS\SYSTEM32;C:\WINDOWS\WinSxS\amd64_microsoft.windows.common-controls_6595b64144ccf1df_6.0.26100.8115_none_3e075c82e3354f9c;C:\Program Files\Java\jdk-23\bin\server;C:\Users\Tristus1er\.gradle\native\1def1411415f61bf3af743bc5b6707747c0891f09f0c88961ee8f79bc544acac\windows-amd64;C:\Users\Tristus1er\.gradle\native\0.2.7\x86_64-windows-gnu

VM Arguments:
jvm_args: --add-opens=java.base/java.lang=ALL-UNNAMED --add-opens=java.base/java.lang.invoke=ALL-UNNAMED --add-opens=java.base/java.util=ALL-UNNAMED --add-opens=java.prefs/java.util.prefs=ALL-UNNAMED --add-exports=jdk.compiler/com.sun.tools.javac.api=ALL-UNNAMED --add-exports=jdk.compiler/com.sun.tools.javac.util=ALL-UNNAMED --add-opens=java.base/java.util=ALL-UNNAMED --add-opens=java.prefs/java.util.prefs=ALL-UNNAMED --add-opens=java.base/java.nio.charset=ALL-UNNAMED --add-opens=java.base/java.net=ALL-UNNAMED --add-opens=java.base/java.util.concurrent.atomic=ALL-UNNAMED --add-opens=java.xml/javax.xml.namespace=ALL-UNNAMED -Xmx3072M -Dfile.encoding=UTF-8 -Duser.country=US -Duser.language=en -Duser.variant -javaagent:C:\Users\Tristus1er\.gradle\wrapper\dists\gradle-8.14.3-bin\cv11ve7ro1n3o1j4so8xd9n66\gradle-8.14.3\lib\agents\gradle-instrumentation-agent-8.14.3.jar 
java_command: org.gradle.launcher.daemon.bootstrap.GradleDaemon 8.14.3
java_class_path (initial): C:\Users\Tristus1er\.gradle\wrapper\dists\gradle-8.14.3-bin\cv11ve7ro1n3o1j4so8xd9n66\gradle-8.14.3\lib\gradle-daemon-main-8.14.3.jar
Launcher Type: SUN_STANDARD

[Global flags]
     intx CICompilerCount                          = 4                                         {product} {ergonomic}
     uint ConcGCThreads                            = 3                                         {product} {ergonomic}
     uint G1ConcRefinementThreads                  = 10                                        {product} {ergonomic}
   size_t G1HeapRegionSize                         = 2097152                                   {product} {ergonomic}
   size_t InitialHeapSize                          = 266338304                                 {product} {ergonomic}
   size_t MarkStackSize                            = 4194304                                   {product} {ergonomic}
   size_t MarkStackSizeMax                         = 536870912                                 {product} {ergonomic}
   size_t MaxHeapSize                              = 3221225472                                {product} {command line}
   size_t MaxNewSize                               = 1931476992                                {product} {ergonomic}
   size_t MinHeapDeltaBytes                        = 2097152                                   {product} {ergonomic}
   size_t MinHeapSize                              = 8388608                                   {product} {ergonomic}
    uintx NonNMethodCodeHeapSize                   = 5832704                                {pd product} {ergonomic}
    uintx NonProfiledCodeHeapSize                  = 122945536                              {pd product} {ergonomic}
    uintx ProfiledCodeHeapSize                     = 122880000                              {pd product} {ergonomic}
    uintx ReservedCodeCacheSize                    = 251658240                              {pd product} {ergonomic}
     bool SegmentedCodeCache                       = true                                      {product} {ergonomic}
   size_t SoftMaxHeapSize                          = 3221225472                             {manageable} {ergonomic}
     bool UseCompressedOops                        = true                           {product lp64_product} {ergonomic}
     bool UseG1GC                                  = true                                      {product} {ergonomic}
     bool UseLargePagesIndividualAllocation        = false                                  {pd product} {ergonomic}

Logging:
Log output configuration:
 #0: stdout all=warning uptime,level,tags foldmultilines=false
 #1: stderr all=off uptime,level,tags foldmultilines=false

Environment Variables:
JAVA_HOME=C:\Program Files\Java\jdk-23
PATH=C:\Program Files\Eclipse Adoptium\jdk-8.0.482.8-hotspot\bin;C:\Program Files\Common Files\Oracle\Java\javapath;C:\Program Files\ImageMagick-7.1.2-Q16-HDRI;C:\Program Files\ImageMagick-7.1.1-Q16-HDRI;C:\Program Files (x86)\Intel\Intel(R) Management Engine Components\iCLS\;C:\Program Files\Intel\Intel(R) Management Engine Components\iCLS\;C:\Windows\system32;C:\Windows;C:\Windows\System32\Wbem;C:\Windows\System32\WindowsPowerShell\v1.0\;C:\Windows\System32\OpenSSH\;C:\Program Files\Intel\WiFi\bin\;C:\Users\Tristus1er\.platformio\penv\Scripts\;C:\Program Files\Common Files\Intel\WirelessCommon\;C:\Program Files (x86)\Intel\Intel(R) Management Engine Components\DAL;C:\Program Files\Intel\Intel(R) Management Engine Components\DAL;C:\Program Files (x86)\Intel\Intel(R) Management Engine Components\IPT;C:\Program Files\Intel\Intel(R) Management Engine Components\IPT;C:\WINDOWS\system32;C:\WINDOWS;C:\WINDOWS\System32\Wbem;C:\WINDOWS\System32\WindowsPowerShell\v1.0\;C:\WINDOWS\System32\OpenSSH\;C:\Program Files\Calibre2\;C:\Program Files\Docker\Docker\resources\bi;C:\Users\Tristus1er\AppData\Local\Android\Sdk;C:\Users\Tristus1er\AppData\Local\Android\Sdk\tools;C:\Users\Tristus1er\AppData\Local\Android\Sdk\cmdline-tools\latest\bin;C:\Users\Tristus1er\AppData\Local\Android\Sdk\build-tools\34.0.0;C:\Users\Tristus1er\AppData\Local\Android\Sdk\emulator-2;C:\Users\Tristus1er\AppData\Local\Android\Sdk\platform-tools;C:\Program Files\Java\jdk-23;C:\Program Files\Docker\Docker\resources\bin;C:\Program Files (x86)\JetBrains\IntelliJ IDEA Community Edition 2024.1.3\bin;C:\Program Files\Java\jdk-23\bin;C:\WINDOWS\system32;C:\WINDOWS;C:\WINDOWS\System32\Wbem;C:\WINDOWS\System32\WindowsPowerShell\v1.0\;C:\WINDOWS\System32\OpenSSH\;C:\Android;C:\Program Files\usbipd-win\;C:\Program Files\NVIDIA Corporation\NVIDIA App\NvDLISR;C:\Program Files (x86)\NVIDIA Corporation\PhysX\Common;C:\Program Files\Docker\Docker\resources\bin;C:\Program Files\Git\cmd;C:\Program Files\PuTTY\;C:\Program Files\nodejs\;C:\Program Files (x86)\Windows Kits\10\Windows Performance Toolkit\;C:\wamp64\bin\php\php8.0.30;C:\ProgramData\ComposerSetup\bin;D:\tools\apk_tool;C:\Users\Tristus1er\.local\bin;C:\Program Files\Nordic Semiconductor\nrf-command-line-tools\bin\;C:\Users\Tristus1er\.local\bin;C:\Users\Tristus1er\AppData\Local\Programs\Python\Python312\Scripts\;C:\Users\Tristus1er\AppData\Local\Programs\Python\Python312\;C:\Users\Tristus1er\AppData\Local\Programs\Python\Launcher\;C:\Users\Tristus1er\AppData\Local\Microsoft\WindowsApps;C:\Program Files\heroku\bin;C:\Users\Tristus1er\AppData\Local\Programs\Microsoft VS Code\bin;C:\Users\Tristus1er\AppData\Roaming\npm;C:\Users\Tristus1er\AppData\Local\Microsoft\WinGet\Packages\Genymobile.scrcpy_Microsoft.Winget.Source_8wekyb3d8bbwe\scrcpy-win64-v3.3.4;C:\Users\Tristus1er\AppData\Local\Microsoft\WinGet\Links;C:\Users\Tristus1er\AppData\Local\JetBrains\Toolbox\scripts;C:\Users\Tristus1er\AppData\Roaming\Composer\vendor\bin;C:\Users\Tristus1er\AppData\Local\PowerToys\DSCModules\
USERNAME=Tristus1er
OS=Windows_NT
PROCESSOR_IDENTIFIER=Intel64 Family 6 Model 158 Stepping 10, GenuineIntel
TMP=C:\Users\TRISTU~1\AppData\Local\Temp
TEMP=C:\Users\TRISTU~1\AppData\Local\Temp




Periodic native trim disabled

---------------  S Y S T E M  ---------------

OS:
 Windows 11 , 64 bit Build 26100 (10.0.26100.8246)
OS uptime: 5 days 18:50 hours
Hyper-V role detected

CPU: total 12 (initial active 12) (6 cores per cpu, 2 threads per core) family 6 model 158 stepping 10 microcode 0xde, cx8, cmov, fxsr, ht, mmx, 3dnowpref, sse, sse2, sse3, ssse3, sse4.1, sse4.2, popcnt, lzcnt, tsc, tscinvbit, avx, avx2, aes, erms, clmul, bmi1, bmi2, adx, fma, vzeroupper, clflush, clflushopt, hv, rdtscp, f16c
Processor Information for the first 12 processors :
  Max Mhz: 2201, Current Mhz: 2201, Mhz Limit: 2201

Memory: 4k page, system-wide physical 16230M (591M free)
TotalPageFile size 65382M (AvailPageFile size 6M)
current process WorkingSet (physical memory assigned to process): 548M, peak: 590M
current process commit charge ("private bytes"): 655M, peak: 662M

vm_info: Java HotSpot(TM) 64-Bit Server VM (23.0.2+7-58) for windows-amd64 JRE (23.0.2+7-58), built on 2024-11-29T09:34:55Z with MS VC++ 17.6 (VS2022)

END.
